0 info it worked if it ends with ok
1 verbose cli [ 'C:\\Program Files\\nodejs\\node.exe',
1 verbose cli   'C:\\Program Files\\nodejs\\node_modules\\npm\\bin\\npm-cli.js',
1 verbose cli   'install',
1 verbose cli   'iconv' ]
2 info using npm@3.10.10
3 info using node@v6.11.2
4 silly loadCurrentTree Starting
5 silly install loadCurrentTree
6 silly install readLocalPackageData
7 silly fetchPackageMetaData iconv
8 silly fetchNamedPackageData iconv
9 silly mapToRegistry name iconv
10 silly mapToRegistry using default registry
11 silly mapToRegistry registry https://registry.npmjs.org/
12 silly mapToRegistry data Result {
12 silly mapToRegistry   raw: 'iconv',
12 silly mapToRegistry   scope: null,
12 silly mapToRegistry   escapedName: 'iconv',
12 silly mapToRegistry   name: 'iconv',
12 silly mapToRegistry   rawSpec: '',
12 silly mapToRegistry   spec: 'latest',
12 silly mapToRegistry   type: 'tag' }
13 silly mapToRegistry uri https://registry.npmjs.org/iconv
14 verbose request uri https://registry.npmjs.org/iconv
15 verbose request no auth needed
16 info attempt registry request try #1 at 13:50:17
17 verbose request id b7e8da08b1e8795b
18 http request GET https://registry.npmjs.org/iconv
19 http 200 https://registry.npmjs.org/iconv
20 verbose headers { server: 'nginx/1.10.1',
20 verbose headers   'content-type': 'application/json',
20 verbose headers   'last-modified': 'Sun, 25 Jun 2017 22:28:50 GMT',
20 verbose headers   etag: 'W/"59503922-a11a"',
20 verbose headers   'content-encoding': 'gzip',
20 verbose headers   'cache-control': 'max-age=300',
20 verbose headers   'content-length': '6683',
20 verbose headers   'accept-ranges': 'bytes',
20 verbose headers   date: 'Sat, 05 Aug 2017 16:50:17 GMT',
20 verbose headers   via: '1.1 varnish',
20 verbose headers   age: '0',
20 verbose headers   connection: 'keep-alive',
20 verbose headers   'x-served-by': 'cache-gru7125-GRU',
20 verbose headers   'x-cache': 'MISS',
20 verbose headers   'x-cache-hits': '0',
20 verbose headers   'x-timer': 'S1501951816.412721,VS0,VE800',
20 verbose headers   vary: 'Accept-Encoding, Accept' }
21 silly get cb [ 200,
21 silly get   { server: 'nginx/1.10.1',
21 silly get     'content-type': 'application/json',
21 silly get     'last-modified': 'Sun, 25 Jun 2017 22:28:50 GMT',
21 silly get     etag: 'W/"59503922-a11a"',
21 silly get     'content-encoding': 'gzip',
21 silly get     'cache-control': 'max-age=300',
21 silly get     'content-length': '6683',
21 silly get     'accept-ranges': 'bytes',
21 silly get     date: 'Sat, 05 Aug 2017 16:50:17 GMT',
21 silly get     via: '1.1 varnish',
21 silly get     age: '0',
21 silly get     connection: 'keep-alive',
21 silly get     'x-served-by': 'cache-gru7125-GRU',
21 silly get     'x-cache': 'MISS',
21 silly get     'x-cache-hits': '0',
21 silly get     'x-timer': 'S1501951816.412721,VS0,VE800',
21 silly get     vary: 'Accept-Encoding, Accept' } ]
22 verbose get saving iconv to C:\Users\Bernardo\AppData\Roaming\npm-cache\registry.npmjs.org\iconv\.cache.json
23 verbose correctMkdir C:\Users\Bernardo\AppData\Roaming\npm-cache correctMkdir not in flight; initializing
24 silly install normalizeTree
25 silly loadCurrentTree Finishing
26 silly loadIdealTree Starting
27 silly install loadIdealTree
28 silly cloneCurrentTree Starting
29 silly install cloneCurrentTreeToIdealTree
30 silly cloneCurrentTree Finishing
31 silly loadShrinkwrap Starting
32 silly install loadShrinkwrap
33 silly loadShrinkwrap Finishing
34 silly loadAllDepsIntoIdealTree Starting
35 silly install loadAllDepsIntoIdealTree
36 silly resolveWithNewModule iconv@2.3.0 checking installable status
37 silly cache add args [ 'iconv', null ]
38 verbose cache add spec iconv
39 silly cache add parsed spec Result {
39 silly cache add   raw: 'iconv',
39 silly cache add   scope: null,
39 silly cache add   escapedName: 'iconv',
39 silly cache add   name: 'iconv',
39 silly cache add   rawSpec: '',
39 silly cache add   spec: 'latest',
39 silly cache add   type: 'tag' }
40 silly addNamed iconv@latest
41 verbose addNamed "latest" is being treated as a dist-tag for iconv
42 info addNameTag [ 'iconv', 'latest' ]
43 silly mapToRegistry name iconv
44 silly mapToRegistry using default registry
45 silly mapToRegistry registry https://registry.npmjs.org/
46 silly mapToRegistry data Result {
46 silly mapToRegistry   raw: 'iconv',
46 silly mapToRegistry   scope: null,
46 silly mapToRegistry   escapedName: 'iconv',
46 silly mapToRegistry   name: 'iconv',
46 silly mapToRegistry   rawSpec: '',
46 silly mapToRegistry   spec: 'latest',
46 silly mapToRegistry   type: 'tag' }
47 silly mapToRegistry uri https://registry.npmjs.org/iconv
48 verbose addNameTag registry:https://registry.npmjs.org/iconv not in flight; fetching
49 verbose get https://registry.npmjs.org/iconv not expired, no request
50 silly addNameTag next cb for iconv with tag latest
51 silly addNamed iconv@2.3.0
52 verbose addNamed "2.3.0" is a plain semver version for iconv
53 silly mapToRegistry name iconv
54 silly mapToRegistry using default registry
55 silly mapToRegistry registry https://registry.npmjs.org/
56 silly mapToRegistry data Result {
56 silly mapToRegistry   raw: 'iconv',
56 silly mapToRegistry   scope: null,
56 silly mapToRegistry   escapedName: 'iconv',
56 silly mapToRegistry   name: 'iconv',
56 silly mapToRegistry   rawSpec: '',
56 silly mapToRegistry   spec: 'latest',
56 silly mapToRegistry   type: 'tag' }
57 silly mapToRegistry uri https://registry.npmjs.org/iconv
58 verbose addRemoteTarball https://registry.npmjs.org/iconv/-/iconv-2.3.0.tgz not in flight; adding
59 verbose addRemoteTarball [ 'https://registry.npmjs.org/iconv/-/iconv-2.3.0.tgz',
59 verbose addRemoteTarball   '9739887c2bd492d9a5e236dd3667c5358601201b' ]
60 info retry fetch attempt 1 at 13:50:18
61 info attempt registry request try #1 at 13:50:18
62 http fetch GET https://registry.npmjs.org/iconv/-/iconv-2.3.0.tgz
63 http fetch 200 https://registry.npmjs.org/iconv/-/iconv-2.3.0.tgz
64 silly fetchAndShaCheck shasum 9739887c2bd492d9a5e236dd3667c5358601201b
65 verbose addTmpTarball C:\Users\Bernardo\AppData\Local\Temp\npm-9732-f24064f7\registry.npmjs.org\iconv\-\iconv-2.3.0.tgz not in flight; adding
66 verbose addTmpTarball already have metadata; skipping unpack for iconv@2.3.0
67 verbose correctMkdir C:\Users\Bernardo\AppData\Roaming\npm-cache correctMkdir not in flight; initializing
68 silly cache afterAdd iconv@2.3.0
69 verbose afterAdd C:\Users\Bernardo\AppData\Roaming\npm-cache\iconv\2.3.0\package\package.json not in flight; writing
70 verbose correctMkdir C:\Users\Bernardo\AppData\Roaming\npm-cache correctMkdir not in flight; initializing
71 verbose afterAdd C:\Users\Bernardo\AppData\Roaming\npm-cache\iconv\2.3.0\package\package.json written
72 silly fetchNamedPackageData nan
73 silly mapToRegistry name nan
74 silly mapToRegistry using default registry
75 silly mapToRegistry registry https://registry.npmjs.org/
76 silly mapToRegistry data Result {
76 silly mapToRegistry   raw: 'nan',
76 silly mapToRegistry   scope: null,
76 silly mapToRegistry   escapedName: 'nan',
76 silly mapToRegistry   name: 'nan',
76 silly mapToRegistry   rawSpec: '',
76 silly mapToRegistry   spec: 'latest',
76 silly mapToRegistry   type: 'tag' }
77 silly mapToRegistry uri https://registry.npmjs.org/nan
78 verbose request uri https://registry.npmjs.org/nan
79 verbose request no auth needed
80 info attempt registry request try #1 at 13:50:19
81 http request GET https://registry.npmjs.org/nan
82 http 200 https://registry.npmjs.org/nan
83 verbose headers { server: 'nginx/1.10.3',
83 verbose headers   'content-type': 'application/json',
83 verbose headers   'last-modified': 'Thu, 27 Jul 2017 17:03:33 GMT',
83 verbose headers   etag: 'W/"597a1ce5-1fa1a"',
83 verbose headers   'content-encoding': 'gzip',
83 verbose headers   'cache-control': 'max-age=300',
83 verbose headers   'content-length': '15256',
83 verbose headers   'accept-ranges': 'bytes',
83 verbose headers   date: 'Sat, 05 Aug 2017 16:50:18 GMT',
83 verbose headers   via: '1.1 varnish',
83 verbose headers   age: '103',
83 verbose headers   connection: 'keep-alive',
83 verbose headers   'x-served-by': 'cache-gru7125-GRU',
83 verbose headers   'x-cache': 'HIT',
83 verbose headers   'x-cache-hits': '1',
83 verbose headers   'x-timer': 'S1501951818.129424,VS0,VE1',
83 verbose headers   vary: 'Accept-Encoding, Accept' }
84 silly get cb [ 200,
84 silly get   { server: 'nginx/1.10.3',
84 silly get     'content-type': 'application/json',
84 silly get     'last-modified': 'Thu, 27 Jul 2017 17:03:33 GMT',
84 silly get     etag: 'W/"597a1ce5-1fa1a"',
84 silly get     'content-encoding': 'gzip',
84 silly get     'cache-control': 'max-age=300',
84 silly get     'content-length': '15256',
84 silly get     'accept-ranges': 'bytes',
84 silly get     date: 'Sat, 05 Aug 2017 16:50:18 GMT',
84 silly get     via: '1.1 varnish',
84 silly get     age: '103',
84 silly get     connection: 'keep-alive',
84 silly get     'x-served-by': 'cache-gru7125-GRU',
84 silly get     'x-cache': 'HIT',
84 silly get     'x-cache-hits': '1',
84 silly get     'x-timer': 'S1501951818.129424,VS0,VE1',
84 silly get     vary: 'Accept-Encoding, Accept' } ]
85 verbose get saving nan to C:\Users\Bernardo\AppData\Roaming\npm-cache\registry.npmjs.org\nan\.cache.json
86 verbose correctMkdir C:\Users\Bernardo\AppData\Roaming\npm-cache correctMkdir not in flight; initializing
87 silly resolveWithNewModule nan@2.6.2 checking installable status
88 silly cache add args [ 'nan@^2.3.5', null ]
89 verbose cache add spec nan@^2.3.5
90 silly cache add parsed spec Result {
90 silly cache add   raw: 'nan@^2.3.5',
90 silly cache add   scope: null,
90 silly cache add   escapedName: 'nan',
90 silly cache add   name: 'nan',
90 silly cache add   rawSpec: '^2.3.5',
90 silly cache add   spec: '>=2.3.5 <3.0.0',
90 silly cache add   type: 'range' }
91 silly addNamed nan@>=2.3.5 <3.0.0
92 verbose addNamed ">=2.3.5 <3.0.0" is a valid semver range for nan
93 silly addNameRange { name: 'nan', range: '>=2.3.5 <3.0.0', hasData: false }
94 silly mapToRegistry name nan
95 silly mapToRegistry using default registry
96 silly mapToRegistry registry https://registry.npmjs.org/
97 silly mapToRegistry data Result {
97 silly mapToRegistry   raw: 'nan',
97 silly mapToRegistry   scope: null,
97 silly mapToRegistry   escapedName: 'nan',
97 silly mapToRegistry   name: 'nan',
97 silly mapToRegistry   rawSpec: '',
97 silly mapToRegistry   spec: 'latest',
97 silly mapToRegistry   type: 'tag' }
98 silly mapToRegistry uri https://registry.npmjs.org/nan
99 verbose addNameRange registry:https://registry.npmjs.org/nan not in flight; fetching
100 verbose get https://registry.npmjs.org/nan not expired, no request
101 silly addNameRange number 2 { name: 'nan', range: '>=2.3.5 <3.0.0', hasData: true }
102 silly addNameRange versions [ 'nan',
102 silly addNameRange   [ '0.3.0-wip',
102 silly addNameRange     '0.3.0-wip2',
102 silly addNameRange     '0.3.0',
102 silly addNameRange     '0.3.1',
102 silly addNameRange     '0.3.2',
102 silly addNameRange     '0.4.0',
102 silly addNameRange     '0.4.1',
102 silly addNameRange     '0.4.2',
102 silly addNameRange     '0.4.3',
102 silly addNameRange     '0.4.4',
102 silly addNameRange     '0.5.0',
102 silly addNameRange     '0.5.1',
102 silly addNameRange     '0.5.2',
102 silly addNameRange     '0.6.0',
102 silly addNameRange     '0.7.0',
102 silly addNameRange     '0.7.1',
102 silly addNameRange     '0.8.0',
102 silly addNameRange     '1.0.0',
102 silly addNameRange     '1.1.0',
102 silly addNameRange     '1.1.1',
102 silly addNameRange     '1.1.2',
102 silly addNameRange     '1.2.0',
102 silly addNameRange     '1.3.0',
102 silly addNameRange     '1.4.0',
102 silly addNameRange     '1.4.1',
102 silly addNameRange     '1.5.0',
102 silly addNameRange     '1.4.2',
102 silly addNameRange     '1.4.3',
102 silly addNameRange     '1.5.1',
102 silly addNameRange     '1.5.2',
102 silly addNameRange     '1.6.0',
102 silly addNameRange     '1.5.3',
102 silly addNameRange     '1.6.1',
102 silly addNameRange     '1.6.2',
102 silly addNameRange     '1.7.0',
102 silly addNameRange     '1.8.0',
102 silly addNameRange     '1.8.1',
102 silly addNameRange     '1.8.2',
102 silly addNameRange     '1.8.3',
102 silly addNameRange     '1.8.4',
102 silly addNameRange     '1.9.0',
102 silly addNameRange     '2.0.0',
102 silly addNameRange     '2.0.1',
102 silly addNameRange     '2.0.2',
102 silly addNameRange     '2.0.3',
102 silly addNameRange     '2.0.4',
102 silly addNameRange     '2.0.5',
102 silly addNameRange     '2.0.6',
102 silly addNameRange     '2.0.7',
102 silly addNameRange     '2.0.8',
102 silly addNameRange     '2.0.9',
102 silly addNameRange     '2.1.0',
102 silly addNameRange     '2.2.0',
102 silly addNameRange     '2.2.1',
102 silly addNameRange     '2.3.0',
102 silly addNameRange     '2.3.1',
102 silly addNameRange     '2.3.2',
102 silly addNameRange     '2.3.3',
102 silly addNameRange     '2.3.4',
102 silly addNameRange     '2.3.5',
102 silly addNameRange     '2.4.0',
102 silly addNameRange     '2.5.0',
102 silly addNameRange     '2.5.1',
102 silly addNameRange     '2.6.0',
102 silly addNameRange     '2.6.1',
102 silly addNameRange     '2.6.2' ] ]
103 silly addNamed nan@2.6.2
104 verbose addNamed "2.6.2" is a plain semver version for nan
105 silly mapToRegistry name nan
106 silly mapToRegistry using default registry
107 silly mapToRegistry registry https://registry.npmjs.org/
108 silly mapToRegistry data Result {
108 silly mapToRegistry   raw: 'nan',
108 silly mapToRegistry   scope: null,
108 silly mapToRegistry   escapedName: 'nan',
108 silly mapToRegistry   name: 'nan',
108 silly mapToRegistry   rawSpec: '',
108 silly mapToRegistry   spec: 'latest',
108 silly mapToRegistry   type: 'tag' }
109 silly mapToRegistry uri https://registry.npmjs.org/nan
110 verbose addRemoteTarball https://registry.npmjs.org/nan/-/nan-2.6.2.tgz not in flight; adding
111 verbose addRemoteTarball [ 'https://registry.npmjs.org/nan/-/nan-2.6.2.tgz',
111 verbose addRemoteTarball   'e4ff34e6c95fdfb5aecc08de6596f43605a7db45' ]
112 info retry fetch attempt 1 at 13:50:19
113 info attempt registry request try #1 at 13:50:19
114 http fetch GET https://registry.npmjs.org/nan/-/nan-2.6.2.tgz
115 http fetch 200 https://registry.npmjs.org/nan/-/nan-2.6.2.tgz
116 silly fetchAndShaCheck shasum e4ff34e6c95fdfb5aecc08de6596f43605a7db45
117 verbose addTmpTarball C:\Users\Bernardo\AppData\Local\Temp\npm-9732-f24064f7\registry.npmjs.org\nan\-\nan-2.6.2.tgz not in flight; adding
118 verbose addTmpTarball already have metadata; skipping unpack for nan@2.6.2
119 verbose correctMkdir C:\Users\Bernardo\AppData\Roaming\npm-cache correctMkdir not in flight; initializing
120 silly cache afterAdd nan@2.6.2
121 verbose afterAdd C:\Users\Bernardo\AppData\Roaming\npm-cache\nan\2.6.2\package\package.json not in flight; writing
122 verbose correctMkdir C:\Users\Bernardo\AppData\Roaming\npm-cache correctMkdir not in flight; initializing
123 verbose afterAdd C:\Users\Bernardo\AppData\Roaming\npm-cache\nan\2.6.2\package\package.json written
124 silly fetchNamedPackageData fsevents
125 silly mapToRegistry name fsevents
126 silly mapToRegistry using default registry
127 silly mapToRegistry registry https://registry.npmjs.org/
128 silly mapToRegistry data Result {
128 silly mapToRegistry   raw: 'fsevents',
128 silly mapToRegistry   scope: null,
128 silly mapToRegistry   escapedName: 'fsevents',
128 silly mapToRegistry   name: 'fsevents',
128 silly mapToRegistry   rawSpec: '',
128 silly mapToRegistry   spec: 'latest',
128 silly mapToRegistry   type: 'tag' }
129 silly mapToRegistry uri https://registry.npmjs.org/fsevents
130 verbose request uri https://registry.npmjs.org/fsevents
131 verbose request no auth needed
132 info attempt registry request try #1 at 13:50:19
133 verbose etag W/"597215e7-dd9a"
134 verbose lastModified Fri, 21 Jul 2017 14:55:35 GMT
135 http request GET https://registry.npmjs.org/fsevents
136 http 304 https://registry.npmjs.org/fsevents
137 verbose headers { date: 'Sat, 05 Aug 2017 16:50:18 GMT',
137 verbose headers   via: '1.1 varnish',
137 verbose headers   'cache-control': 'max-age=300',
137 verbose headers   etag: 'W/"597215e7-dd9a"',
137 verbose headers   age: '8',
137 verbose headers   connection: 'keep-alive',
137 verbose headers   'x-served-by': 'cache-gru7125-GRU',
137 verbose headers   'x-cache': 'HIT',
137 verbose headers   'x-cache-hits': '1',
137 verbose headers   'x-timer': 'S1501951818.371263,VS0,VE0',
137 verbose headers   vary: 'Accept-Encoding, Accept' }
138 silly get cb [ 304,
138 silly get   { date: 'Sat, 05 Aug 2017 16:50:18 GMT',
138 silly get     via: '1.1 varnish',
138 silly get     'cache-control': 'max-age=300',
138 silly get     etag: 'W/"597215e7-dd9a"',
138 silly get     age: '8',
138 silly get     connection: 'keep-alive',
138 silly get     'x-served-by': 'cache-gru7125-GRU',
138 silly get     'x-cache': 'HIT',
138 silly get     'x-cache-hits': '1',
138 silly get     'x-timer': 'S1501951818.371263,VS0,VE0',
138 silly get     vary: 'Accept-Encoding, Accept' } ]
139 verbose etag https://registry.npmjs.org/fsevents from cache
140 verbose get saving fsevents to C:\Users\Bernardo\AppData\Roaming\npm-cache\registry.npmjs.org\fsevents\.cache.json
141 verbose correctMkdir C:\Users\Bernardo\AppData\Roaming\npm-cache correctMkdir not in flight; initializing
142 silly resolveWithNewModule fsevents@1.1.2 checking installable status
143 silly loadAllDepsIntoIdealTree Finishing
144 silly loadIdealTree Finishing
145 silly currentTree backend@0.0.0
145 silly currentTree +-- abbrev@1.1.0
145 silly currentTree +-- ansi-regex@2.1.1
145 silly currentTree +-- ansi-styles@2.2.1
145 silly currentTree +-- anymatch@1.3.2
145 silly currentTree +-- arr-diff@2.0.0
145 silly currentTree +-- arr-flatten@1.1.0
145 silly currentTree +-- array-unique@0.2.1
145 silly currentTree +-- async-each@1.0.1
145 silly currentTree +-- balanced-match@1.0.0
145 silly currentTree +-- binary-extensions@1.9.0
145 silly currentTree +-- body-parser@1.17.2
145 silly currentTree | `-- debug@2.6.7
145 silly currentTree +-- brace-expansion@1.1.8
145 silly currentTree +-- braces@1.8.5
145 silly currentTree +-- bytes@2.4.0
145 silly currentTree +-- chalk@1.1.3
145 silly currentTree +-- chokidar@1.7.0
145 silly currentTree +-- concat-map@0.0.1
145 silly currentTree +-- configstore@1.4.0
145 silly currentTree +-- content-type@1.0.2
145 silly currentTree +-- core-util-is@1.0.2
145 silly currentTree +-- deep-extend@0.4.2
145 silly currentTree +-- depd@1.1.1
145 silly currentTree +-- duplexer@0.1.1
145 silly currentTree +-- duplexify@3.5.1
145 silly currentTree +-- ee-first@1.1.1
145 silly currentTree +-- end-of-stream@1.4.0
145 silly currentTree +-- es6-promise@3.3.1
145 silly currentTree +-- escape-string-regexp@1.0.5
145 silly currentTree +-- event-stream@3.3.4
145 silly currentTree +-- expand-brackets@0.1.5
145 silly currentTree +-- expand-range@1.8.2
145 silly currentTree +-- express@4.15.3
145 silly currentTree | +-- accepts@1.3.3
145 silly currentTree | | +-- mime-types@2.1.16
145 silly currentTree | | | `-- mime-db@1.29.0
145 silly currentTree | | `-- negotiator@0.6.1
145 silly currentTree | +-- array-flatten@1.1.1
145 silly currentTree | +-- content-disposition@0.5.2
145 silly currentTree | +-- content-type@1.0.2
145 silly currentTree | +-- cookie-signature@1.0.6
145 silly currentTree | +-- cookie@0.3.1
145 silly currentTree | +-- debug@2.6.7
145 silly currentTree | | `-- ms@2.0.0
145 silly currentTree | +-- depd@1.1.1
145 silly currentTree | +-- encodeurl@1.0.1
145 silly currentTree | +-- escape-html@1.0.3
145 silly currentTree | +-- etag@1.8.0
145 silly currentTree | +-- finalhandler@1.0.4
145 silly currentTree | | +-- debug@2.6.8
145 silly currentTree | | | `-- ms@2.0.0
145 silly currentTree | | `-- unpipe@1.0.0
145 silly currentTree | +-- fresh@0.5.0
145 silly currentTree | +-- merge-descriptors@1.0.1
145 silly currentTree | +-- methods@1.1.2
145 silly currentTree | +-- on-finished@2.3.0
145 silly currentTree | | `-- ee-first@1.1.1
145 silly currentTree | +-- parseurl@1.3.1
145 silly currentTree | +-- path-to-regexp@0.1.7
145 silly currentTree | +-- proxy-addr@1.1.5
145 silly currentTree | | +-- forwarded@0.1.0
145 silly currentTree | | `-- ipaddr.js@1.4.0
145 silly currentTree | +-- qs@6.4.0
145 silly currentTree | +-- range-parser@1.2.0
145 silly currentTree | +-- send@0.15.3
145 silly currentTree | | +-- destroy@1.0.4
145 silly currentTree | | +-- http-errors@1.6.1
145 silly currentTree | | | +-- depd@1.1.0
145 silly currentTree | | | `-- inherits@2.0.3
145 silly currentTree | | +-- mime@1.3.4
145 silly currentTree | | `-- ms@2.0.0
145 silly currentTree | +-- serve-static@1.12.3
145 silly currentTree | +-- setprototypeof@1.0.3
145 silly currentTree | +-- statuses@1.3.1
145 silly currentTree | +-- type-is@1.6.15
145 silly currentTree | | +-- media-typer@0.3.0
145 silly currentTree | | `-- mime-types@2.1.16
145 silly currentTree | |   `-- mime-db@1.29.0
145 silly currentTree | +-- utils-merge@1.0.0
145 silly currentTree | `-- vary@1.1.1
145 silly currentTree +-- extglob@0.3.2
145 silly currentTree +-- filename-regex@2.0.1
145 silly currentTree +-- fill-range@2.2.3
145 silly currentTree +-- for-in@1.0.2
145 silly currentTree +-- for-own@0.1.5
145 silly currentTree +-- from@0.1.7
145 silly currentTree +-- glob-base@0.3.0
145 silly currentTree +-- glob-parent@2.0.0
145 silly currentTree +-- got@3.3.1
145 silly currentTree | `-- object-assign@3.0.0
145 silly currentTree +-- graceful-fs@4.1.11
145 silly currentTree +-- has-ansi@2.0.0
145 silly currentTree +-- http-errors@1.6.2
145 silly currentTree +-- iconv-lite@0.4.15
145 silly currentTree +-- ignore-by-default@1.0.1
145 silly currentTree +-- imurmurhash@0.1.4
145 silly currentTree +-- infinity-agent@2.0.3
145 silly currentTree +-- inherits@2.0.3
145 silly currentTree +-- ini@1.3.4
145 silly currentTree +-- is-binary-path@1.0.1
145 silly currentTree +-- is-buffer@1.1.5
145 silly currentTree +-- is-dotfile@1.0.3
145 silly currentTree +-- is-equal-shallow@0.1.3
145 silly currentTree +-- is-extendable@0.1.1
145 silly currentTree +-- is-extglob@1.0.0
145 silly currentTree +-- is-finite@1.0.2
145 silly currentTree +-- is-glob@2.0.1
145 silly currentTree +-- is-npm@1.0.0
145 silly currentTree +-- is-number@2.1.0
145 silly currentTree +-- is-posix-bracket@0.1.1
145 silly currentTree +-- is-primitive@2.0.0
145 silly currentTree +-- is-redirect@1.0.0
145 silly currentTree +-- is-stream@1.1.0
145 silly currentTree +-- isarray@1.0.0
145 silly currentTree +-- isobject@2.1.0
145 silly currentTree +-- kind-of@3.2.2
145 silly currentTree +-- latest-version@1.0.1
145 silly currentTree +-- lodash._baseassign@3.2.0
145 silly currentTree +-- lodash._basecopy@3.0.1
145 silly currentTree +-- lodash._bindcallback@3.0.1
145 silly currentTree +-- lodash._createassigner@3.1.1
145 silly currentTree +-- lodash._getnative@3.9.1
145 silly currentTree +-- lodash._isiterateecall@3.0.9
145 silly currentTree +-- lodash.assign@3.2.0
145 silly currentTree +-- lodash.defaults@3.1.2
145 silly currentTree +-- lodash.isarguments@3.1.0
145 silly currentTree +-- lodash.isarray@3.0.4
145 silly currentTree +-- lodash.keys@3.1.2
145 silly currentTree +-- lodash.restparam@3.6.1
145 silly currentTree +-- lowercase-keys@1.0.0
145 silly currentTree +-- map-stream@0.1.0
145 silly currentTree +-- media-typer@0.3.0
145 silly currentTree +-- method-override@2.3.9
145 silly currentTree | `-- debug@2.6.8
145 silly currentTree +-- methods@1.1.2
145 silly currentTree +-- micromatch@2.3.11
145 silly currentTree +-- mime-db@1.29.0
145 silly currentTree +-- mime-types@2.1.16
145 silly currentTree +-- minimatch@3.0.4
145 silly currentTree +-- minimist@0.0.8
145 silly currentTree +-- mkdirp@0.5.1
145 silly currentTree +-- ms@2.0.0
145 silly currentTree +-- nested-error-stacks@1.0.2
145 silly currentTree +-- nodemon@1.11.0
145 silly currentTree | `-- debug@2.6.8
145 silly currentTree +-- nopt@1.0.10
145 silly currentTree +-- normalize-path@2.1.1
145 silly currentTree +-- number-is-nan@1.0.1
145 silly currentTree +-- object-assign@4.1.1
145 silly currentTree +-- object.omit@2.0.1
145 silly currentTree +-- obtain-unicode@0.0.5
145 silly currentTree +-- on-finished@2.3.0
145 silly currentTree +-- once@1.4.0
145 silly currentTree +-- os-homedir@1.0.2
145 silly currentTree +-- os-tmpdir@1.0.2
145 silly currentTree +-- osenv@0.1.4
145 silly currentTree +-- package-json@1.2.0
145 silly currentTree +-- parse-glob@3.0.4
145 silly currentTree +-- parseurl@1.3.1
145 silly currentTree +-- path-is-absolute@1.0.1
145 silly currentTree +-- pause-stream@0.0.11
145 silly currentTree +-- pinkie-promise@2.0.1
145 silly currentTree +-- pinkie@2.0.4
145 silly currentTree +-- prepend-http@1.0.4
145 silly currentTree +-- preserve@0.2.0
145 silly currentTree +-- process-nextick-args@1.0.7
145 silly currentTree +-- ps-tree@1.1.0
145 silly currentTree +-- qs@6.4.0
145 silly currentTree +-- randomatic@1.1.7
145 silly currentTree | +-- is-number@3.0.0
145 silly currentTree | | `-- kind-of@3.2.2
145 silly currentTree | `-- kind-of@4.0.0
145 silly currentTree +-- raw-body@2.2.0
145 silly currentTree +-- rc@1.2.1
145 silly currentTree | `-- minimist@1.2.0
145 silly currentTree +-- read-all-stream@3.1.0
145 silly currentTree +-- readable-stream@2.3.3
145 silly currentTree +-- readdirp@2.1.0
145 silly currentTree +-- regex-cache@0.4.3
145 silly currentTree +-- registry-url@3.1.0
145 silly currentTree +-- remove-trailing-separator@1.0.2
145 silly currentTree +-- repeat-element@1.1.2
145 silly currentTree +-- repeat-string@1.6.1
145 silly currentTree +-- repeating@1.1.3
145 silly currentTree +-- safe-buffer@5.1.1
145 silly currentTree +-- semver-diff@2.1.0
145 silly currentTree +-- semver@5.4.1
145 silly currentTree +-- set-immediate-shim@1.0.1
145 silly currentTree +-- setprototypeof@1.0.3
145 silly currentTree +-- slide@1.1.6
145 silly currentTree +-- split@0.3.3
145 silly currentTree +-- statuses@1.3.1
145 silly currentTree +-- stream-combiner@0.0.4
145 silly currentTree +-- stream-shift@1.0.0
145 silly currentTree +-- string_decoder@1.0.3
145 silly currentTree +-- string-length@1.0.1
145 silly currentTree +-- strip-ansi@3.0.1
145 silly currentTree +-- strip-json-comments@2.0.1
145 silly currentTree +-- supports-color@2.0.0
145 silly currentTree +-- through@2.3.8
145 silly currentTree +-- timed-out@2.0.0
145 silly currentTree +-- touch@1.0.0
145 silly currentTree +-- type-is@1.6.15
145 silly currentTree +-- undefsafe@0.0.3
145 silly currentTree +-- unpipe@1.0.0
145 silly currentTree +-- update-notifier@0.5.0
145 silly currentTree +-- utf8-encoding@0.1.2
145 silly currentTree +-- utf8@2.1.2
145 silly currentTree +-- util-deprecate@1.0.2
145 silly currentTree +-- uuid@2.0.3
145 silly currentTree +-- vary@1.1.1
145 silly currentTree +-- wrappy@1.0.2
145 silly currentTree +-- write-file-atomic@1.3.4
145 silly currentTree `-- xdg-basedir@2.0.0
146 silly idealTree backend@0.0.0
146 silly idealTree +-- abbrev@1.1.0
146 silly idealTree +-- ansi-regex@2.1.1
146 silly idealTree +-- ansi-styles@2.2.1
146 silly idealTree +-- anymatch@1.3.2
146 silly idealTree +-- arr-diff@2.0.0
146 silly idealTree +-- arr-flatten@1.1.0
146 silly idealTree +-- array-unique@0.2.1
146 silly idealTree +-- async-each@1.0.1
146 silly idealTree +-- balanced-match@1.0.0
146 silly idealTree +-- binary-extensions@1.9.0
146 silly idealTree +-- body-parser@1.17.2
146 silly idealTree | `-- debug@2.6.7
146 silly idealTree +-- brace-expansion@1.1.8
146 silly idealTree +-- braces@1.8.5
146 silly idealTree +-- bytes@2.4.0
146 silly idealTree +-- chalk@1.1.3
146 silly idealTree +-- chokidar@1.7.0
146 silly idealTree +-- concat-map@0.0.1
146 silly idealTree +-- configstore@1.4.0
146 silly idealTree +-- content-type@1.0.2
146 silly idealTree +-- core-util-is@1.0.2
146 silly idealTree +-- deep-extend@0.4.2
146 silly idealTree +-- depd@1.1.1
146 silly idealTree +-- duplexer@0.1.1
146 silly idealTree +-- duplexify@3.5.1
146 silly idealTree +-- ee-first@1.1.1
146 silly idealTree +-- end-of-stream@1.4.0
146 silly idealTree +-- es6-promise@3.3.1
146 silly idealTree +-- escape-string-regexp@1.0.5
146 silly idealTree +-- event-stream@3.3.4
146 silly idealTree +-- expand-brackets@0.1.5
146 silly idealTree +-- expand-range@1.8.2
146 silly idealTree +-- express@4.15.3
146 silly idealTree | +-- accepts@1.3.3
146 silly idealTree | | +-- mime-types@2.1.16
146 silly idealTree | | | `-- mime-db@1.29.0
146 silly idealTree | | `-- negotiator@0.6.1
146 silly idealTree | +-- array-flatten@1.1.1
146 silly idealTree | +-- content-disposition@0.5.2
146 silly idealTree | +-- content-type@1.0.2
146 silly idealTree | +-- cookie-signature@1.0.6
146 silly idealTree | +-- cookie@0.3.1
146 silly idealTree | +-- debug@2.6.7
146 silly idealTree | | `-- ms@2.0.0
146 silly idealTree | +-- depd@1.1.1
146 silly idealTree | +-- encodeurl@1.0.1
146 silly idealTree | +-- escape-html@1.0.3
146 silly idealTree | +-- etag@1.8.0
146 silly idealTree | +-- finalhandler@1.0.4
146 silly idealTree | | +-- debug@2.6.8
146 silly idealTree | | | `-- ms@2.0.0
146 silly idealTree | | `-- unpipe@1.0.0
146 silly idealTree | +-- fresh@0.5.0
146 silly idealTree | +-- merge-descriptors@1.0.1
146 silly idealTree | +-- methods@1.1.2
146 silly idealTree | +-- on-finished@2.3.0
146 silly idealTree | | `-- ee-first@1.1.1
146 silly idealTree | +-- parseurl@1.3.1
146 silly idealTree | +-- path-to-regexp@0.1.7
146 silly idealTree | +-- proxy-addr@1.1.5
146 silly idealTree | | +-- forwarded@0.1.0
146 silly idealTree | | `-- ipaddr.js@1.4.0
146 silly idealTree | +-- qs@6.4.0
146 silly idealTree | +-- range-parser@1.2.0
146 silly idealTree | +-- send@0.15.3
146 silly idealTree | | +-- destroy@1.0.4
146 silly idealTree | | +-- http-errors@1.6.1
146 silly idealTree | | | +-- depd@1.1.0
146 silly idealTree | | | `-- inherits@2.0.3
146 silly idealTree | | +-- mime@1.3.4
146 silly idealTree | | `-- ms@2.0.0
146 silly idealTree | +-- serve-static@1.12.3
146 silly idealTree | +-- setprototypeof@1.0.3
146 silly idealTree | +-- statuses@1.3.1
146 silly idealTree | +-- type-is@1.6.15
146 silly idealTree | | +-- media-typer@0.3.0
146 silly idealTree | | `-- mime-types@2.1.16
146 silly idealTree | |   `-- mime-db@1.29.0
146 silly idealTree | +-- utils-merge@1.0.0
146 silly idealTree | `-- vary@1.1.1
146 silly idealTree +-- extglob@0.3.2
146 silly idealTree +-- filename-regex@2.0.1
146 silly idealTree +-- fill-range@2.2.3
146 silly idealTree +-- for-in@1.0.2
146 silly idealTree +-- for-own@0.1.5
146 silly idealTree +-- from@0.1.7
146 silly idealTree +-- glob-base@0.3.0
146 silly idealTree +-- glob-parent@2.0.0
146 silly idealTree +-- got@3.3.1
146 silly idealTree | `-- object-assign@3.0.0
146 silly idealTree +-- graceful-fs@4.1.11
146 silly idealTree +-- has-ansi@2.0.0
146 silly idealTree +-- http-errors@1.6.2
146 silly idealTree +-- iconv-lite@0.4.15
146 silly idealTree +-- iconv@2.3.0
146 silly idealTree +-- ignore-by-default@1.0.1
146 silly idealTree +-- imurmurhash@0.1.4
146 silly idealTree +-- infinity-agent@2.0.3
146 silly idealTree +-- inherits@2.0.3
146 silly idealTree +-- ini@1.3.4
146 silly idealTree +-- is-binary-path@1.0.1
146 silly idealTree +-- is-buffer@1.1.5
146 silly idealTree +-- is-dotfile@1.0.3
146 silly idealTree +-- is-equal-shallow@0.1.3
146 silly idealTree +-- is-extendable@0.1.1
146 silly idealTree +-- is-extglob@1.0.0
146 silly idealTree +-- is-finite@1.0.2
146 silly idealTree +-- is-glob@2.0.1
146 silly idealTree +-- is-npm@1.0.0
146 silly idealTree +-- is-number@2.1.0
146 silly idealTree +-- is-posix-bracket@0.1.1
146 silly idealTree +-- is-primitive@2.0.0
146 silly idealTree +-- is-redirect@1.0.0
146 silly idealTree +-- is-stream@1.1.0
146 silly idealTree +-- isarray@1.0.0
146 silly idealTree +-- isobject@2.1.0
146 silly idealTree +-- kind-of@3.2.2
146 silly idealTree +-- latest-version@1.0.1
146 silly idealTree +-- lodash._baseassign@3.2.0
146 silly idealTree +-- lodash._basecopy@3.0.1
146 silly idealTree +-- lodash._bindcallback@3.0.1
146 silly idealTree +-- lodash._createassigner@3.1.1
146 silly idealTree +-- lodash._getnative@3.9.1
146 silly idealTree +-- lodash._isiterateecall@3.0.9
146 silly idealTree +-- lodash.assign@3.2.0
146 silly idealTree +-- lodash.defaults@3.1.2
146 silly idealTree +-- lodash.isarguments@3.1.0
146 silly idealTree +-- lodash.isarray@3.0.4
146 silly idealTree +-- lodash.keys@3.1.2
146 silly idealTree +-- lodash.restparam@3.6.1
146 silly idealTree +-- lowercase-keys@1.0.0
146 silly idealTree +-- map-stream@0.1.0
146 silly idealTree +-- media-typer@0.3.0
146 silly idealTree +-- method-override@2.3.9
146 silly idealTree | `-- debug@2.6.8
146 silly idealTree +-- methods@1.1.2
146 silly idealTree +-- micromatch@2.3.11
146 silly idealTree +-- mime-db@1.29.0
146 silly idealTree +-- mime-types@2.1.16
146 silly idealTree +-- minimatch@3.0.4
146 silly idealTree +-- minimist@0.0.8
146 silly idealTree +-- mkdirp@0.5.1
146 silly idealTree +-- ms@2.0.0
146 silly idealTree +-- nan@2.6.2
146 silly idealTree +-- nested-error-stacks@1.0.2
146 silly idealTree +-- nodemon@1.11.0
146 silly idealTree | `-- debug@2.6.8
146 silly idealTree +-- nopt@1.0.10
146 silly idealTree +-- normalize-path@2.1.1
146 silly idealTree +-- number-is-nan@1.0.1
146 silly idealTree +-- object-assign@4.1.1
146 silly idealTree +-- object.omit@2.0.1
146 silly idealTree +-- obtain-unicode@0.0.5
146 silly idealTree +-- on-finished@2.3.0
146 silly idealTree +-- once@1.4.0
146 silly idealTree +-- os-homedir@1.0.2
146 silly idealTree +-- os-tmpdir@1.0.2
146 silly idealTree +-- osenv@0.1.4
146 silly idealTree +-- package-json@1.2.0
146 silly idealTree +-- parse-glob@3.0.4
146 silly idealTree +-- parseurl@1.3.1
146 silly idealTree +-- path-is-absolute@1.0.1
146 silly idealTree +-- pause-stream@0.0.11
146 silly idealTree +-- pinkie-promise@2.0.1
146 silly idealTree +-- pinkie@2.0.4
146 silly idealTree +-- prepend-http@1.0.4
146 silly idealTree +-- preserve@0.2.0
146 silly idealTree +-- process-nextick-args@1.0.7
146 silly idealTree +-- ps-tree@1.1.0
146 silly idealTree +-- qs@6.4.0
146 silly idealTree +-- randomatic@1.1.7
146 silly idealTree | +-- is-number@3.0.0
146 silly idealTree | | `-- kind-of@3.2.2
146 silly idealTree | `-- kind-of@4.0.0
146 silly idealTree +-- raw-body@2.2.0
146 silly idealTree +-- rc@1.2.1
146 silly idealTree | `-- minimist@1.2.0
146 silly idealTree +-- read-all-stream@3.1.0
146 silly idealTree +-- readable-stream@2.3.3
146 silly idealTree +-- readdirp@2.1.0
146 silly idealTree +-- regex-cache@0.4.3
146 silly idealTree +-- registry-url@3.1.0
146 silly idealTree +-- remove-trailing-separator@1.0.2
146 silly idealTree +-- repeat-element@1.1.2
146 silly idealTree +-- repeat-string@1.6.1
146 silly idealTree +-- repeating@1.1.3
146 silly idealTree +-- safe-buffer@5.1.1
146 silly idealTree +-- semver-diff@2.1.0
146 silly idealTree +-- semver@5.4.1
146 silly idealTree +-- set-immediate-shim@1.0.1
146 silly idealTree +-- setprototypeof@1.0.3
146 silly idealTree +-- slide@1.1.6
146 silly idealTree +-- split@0.3.3
146 silly idealTree +-- statuses@1.3.1
146 silly idealTree +-- stream-combiner@0.0.4
146 silly idealTree +-- stream-shift@1.0.0
146 silly idealTree +-- string_decoder@1.0.3
146 silly idealTree +-- string-length@1.0.1
146 silly idealTree +-- strip-ansi@3.0.1
146 silly idealTree +-- strip-json-comments@2.0.1
146 silly idealTree +-- supports-color@2.0.0
146 silly idealTree +-- through@2.3.8
146 silly idealTree +-- timed-out@2.0.0
146 silly idealTree +-- touch@1.0.0
146 silly idealTree +-- type-is@1.6.15
146 silly idealTree +-- undefsafe@0.0.3
146 silly idealTree +-- unpipe@1.0.0
146 silly idealTree +-- update-notifier@0.5.0
146 silly idealTree +-- utf8-encoding@0.1.2
146 silly idealTree +-- utf8@2.1.2
146 silly idealTree +-- util-deprecate@1.0.2
146 silly idealTree +-- uuid@2.0.3
146 silly idealTree +-- vary@1.1.1
146 silly idealTree +-- wrappy@1.0.2
146 silly idealTree +-- write-file-atomic@1.3.4
146 silly idealTree `-- xdg-basedir@2.0.0
147 silly generateActionsToTake Starting
148 silly install generateActionsToTake
149 silly generateActionsToTake Finishing
150 silly diffTrees action count 2
151 silly diffTrees add nan@2.6.2
152 silly diffTrees add iconv@2.3.0
153 silly decomposeActions action count 16
154 silly decomposeActions fetch nan@2.6.2
155 silly decomposeActions extract nan@2.6.2
156 silly decomposeActions test nan@2.6.2
157 silly decomposeActions preinstall nan@2.6.2
158 silly decomposeActions build nan@2.6.2
159 silly decomposeActions install nan@2.6.2
160 silly decomposeActions postinstall nan@2.6.2
161 silly decomposeActions finalize nan@2.6.2
162 silly decomposeActions fetch iconv@2.3.0
163 silly decomposeActions extract iconv@2.3.0
164 silly decomposeActions test iconv@2.3.0
165 silly decomposeActions preinstall iconv@2.3.0
166 silly decomposeActions build iconv@2.3.0
167 silly decomposeActions install iconv@2.3.0
168 silly decomposeActions postinstall iconv@2.3.0
169 silly decomposeActions finalize iconv@2.3.0
170 silly runTopLevelLifecycles Starting
171 silly executeActions Starting
172 silly install executeActions
173 silly doSerial global-install 0
174 silly doParallel fetch 2
175 verbose correctMkdir C:\Users\Bernardo\AppData\Roaming\npm-cache\_locks correctMkdir not in flight; initializing
176 verbose lock using C:\Users\Bernardo\AppData\Roaming\npm-cache\_locks\staging-6c4416f64f6c5cab.lock for C:\Cursos\app_hurbano\backend\node_modules\.staging
177 silly doParallel extract 2
178 silly extract nan@2.6.2
179 silly extract iconv@2.3.0
180 verbose unbuild node_modules\.staging\iconv-e9592e4b
181 verbose unbuild node_modules\.staging\nan-3ae3e5aa
182 silly gentlyRm C:\Cursos\app_hurbano\backend\node_modules\.staging\iconv-e9592e4b is being purged from base C:\Cursos\app_hurbano\backend
183 verbose gentlyRm don't care about contents; nuking C:\Cursos\app_hurbano\backend\node_modules\.staging\iconv-e9592e4b
184 silly gentlyRm C:\Cursos\app_hurbano\backend\node_modules\.staging\nan-3ae3e5aa is being purged from base C:\Cursos\app_hurbano\backend
185 verbose gentlyRm don't care about contents; nuking C:\Cursos\app_hurbano\backend\node_modules\.staging\nan-3ae3e5aa
186 verbose tar unpack C:\Users\Bernardo\AppData\Roaming\npm-cache\iconv\2.3.0\package.tgz
187 verbose tar unpacking to C:\Cursos\app_hurbano\backend\node_modules\.staging\iconv-e9592e4b
188 silly gentlyRm C:\Cursos\app_hurbano\backend\node_modules\.staging\iconv-e9592e4b is being purged
189 verbose gentlyRm don't care about contents; nuking C:\Cursos\app_hurbano\backend\node_modules\.staging\iconv-e9592e4b
190 verbose tar unpack C:\Users\Bernardo\AppData\Roaming\npm-cache\nan\2.6.2\package.tgz
191 verbose tar unpacking to C:\Cursos\app_hurbano\backend\node_modules\.staging\nan-3ae3e5aa
192 silly gentlyRm C:\Cursos\app_hurbano\backend\node_modules\.staging\nan-3ae3e5aa is being purged
193 verbose gentlyRm don't care about contents; nuking C:\Cursos\app_hurbano\backend\node_modules\.staging\nan-3ae3e5aa
194 silly gunzTarPerm modes [ '777', '666' ]
195 silly gunzTarPerm modes [ '777', '666' ]
196 silly gunzTarPerm extractEntry package.json
197 silly gunzTarPerm modified mode [ 'package.json', 420, 438 ]
198 silly gunzTarPerm extractEntry package.json
199 silly gunzTarPerm modified mode [ 'package.json', 436, 438 ]
200 silly gunzTarPerm extractEntry README.md
201 silly gunzTarPerm modified mode [ 'README.md', 436, 438 ]
202 silly gunzTarPerm extractEntry include_dirs.js
203 silly gunzTarPerm modified mode [ 'include_dirs.js', 436, 438 ]
204 silly gunzTarPerm extractEntry .npmignore
205 silly gunzTarPerm modified mode [ '.npmignore', 420, 438 ]
206 silly gunzTarPerm extractEntry README.md
207 silly gunzTarPerm modified mode [ 'README.md', 420, 438 ]
208 silly gunzTarPerm extractEntry LICENSE
209 silly gunzTarPerm modified mode [ 'LICENSE', 420, 438 ]
210 silly gunzTarPerm extractEntry binding.gyp
211 silly gunzTarPerm modified mode [ 'binding.gyp', 420, 438 ]
212 silly gunzTarPerm extractEntry nan_converters_43_inl.h
213 silly gunzTarPerm modified mode [ 'nan_converters_43_inl.h', 436, 438 ]
214 silly gunzTarPerm extractEntry LICENSE.md
215 silly gunzTarPerm modified mode [ 'LICENSE.md', 436, 438 ]
216 silly gunzTarPerm extractEntry doc/new.md
217 silly gunzTarPerm modified mode [ 'doc/new.md', 436, 438 ]
218 silly gunzTarPerm extractEntry doc/asyncworker.md
219 silly gunzTarPerm modified mode [ 'doc/asyncworker.md', 436, 438 ]
220 silly gunzTarPerm extractEntry deps/libiconv/lib/euc_jp.h
221 silly gunzTarPerm modified mode [ 'deps/libiconv/lib/euc_jp.h', 420, 438 ]
222 silly gunzTarPerm extractEntry deps/libiconv/lib/aliases.h
223 silly gunzTarPerm modified mode [ 'deps/libiconv/lib/aliases.h', 420, 438 ]
224 silly gunzTarPerm extractEntry doc/callback.md
225 silly gunzTarPerm modified mode [ 'doc/callback.md', 436, 438 ]
226 silly gunzTarPerm extractEntry doc/converters.md
227 silly gunzTarPerm modified mode [ 'doc/converters.md', 436, 438 ]
228 silly gunzTarPerm extractEntry deps/libiconv/lib/aliases_aix.h
229 silly gunzTarPerm modified mode [ 'deps/libiconv/lib/aliases_aix.h', 420, 438 ]
230 silly gunzTarPerm extractEntry deps/libiconv/lib/aliases_aix_sysaix.h
231 silly gunzTarPerm modified mode [ 'deps/libiconv/lib/aliases_aix_sysaix.h', 420, 438 ]
232 silly gunzTarPerm extractEntry doc/errors.md
233 silly gunzTarPerm modified mode [ 'doc/errors.md', 436, 438 ]
234 silly gunzTarPerm extractEntry doc/json.md
235 silly gunzTarPerm modified mode [ 'doc/json.md', 436, 438 ]
236 silly gunzTarPerm extractEntry doc/maybe_types.md
237 silly gunzTarPerm modified mode [ 'doc/maybe_types.md', 436, 438 ]
238 silly gunzTarPerm extractEntry doc/methods.md
239 silly gunzTarPerm modified mode [ 'doc/methods.md', 436, 438 ]
240 silly gunzTarPerm extractEntry deps/libiconv/lib/aliases_dos.h
241 silly gunzTarPerm modified mode [ 'deps/libiconv/lib/aliases_dos.h', 420, 438 ]
242 silly gunzTarPerm extractEntry deps/libiconv/lib/aliases_extra.h
243 silly gunzTarPerm modified mode [ 'deps/libiconv/lib/aliases_extra.h', 420, 438 ]
244 silly gunzTarPerm extractEntry doc/buffers.md
245 silly gunzTarPerm modified mode [ 'doc/buffers.md', 436, 438 ]
246 silly gunzTarPerm extractEntry doc/node_misc.md
247 silly gunzTarPerm modified mode [ 'doc/node_misc.md', 436, 438 ]
248 silly gunzTarPerm extractEntry deps/libiconv/lib/aliases_osf1.h
249 silly gunzTarPerm modified mode [ 'deps/libiconv/lib/aliases_osf1.h', 420, 438 ]
250 silly gunzTarPerm extractEntry deps/libiconv/lib/aliases_osf1_sysosf1.h
251 silly gunzTarPerm modified mode [ 'deps/libiconv/lib/aliases_osf1_sysosf1.h', 420, 438 ]
252 silly gunzTarPerm extractEntry doc/object_wrappers.md
253 silly gunzTarPerm modified mode [ 'doc/object_wrappers.md', 436, 438 ]
254 silly gunzTarPerm extractEntry doc/persistent.md
255 silly gunzTarPerm modified mode [ 'doc/persistent.md', 436, 438 ]
256 silly gunzTarPerm extractEntry deps/libiconv/lib/aliases_sysaix.h
257 silly gunzTarPerm modified mode [ 'deps/libiconv/lib/aliases_sysaix.h', 420, 438 ]
258 silly gunzTarPerm extractEntry deps/libiconv/lib/aliases_syshpux.h
259 silly gunzTarPerm modified mode [ 'deps/libiconv/lib/aliases_syshpux.h', 420, 438 ]
260 silly gunzTarPerm extractEntry deps/libiconv/lib/aliases_sysosf1.h
261 silly gunzTarPerm modified mode [ 'deps/libiconv/lib/aliases_sysosf1.h', 420, 438 ]
262 silly gunzTarPerm extractEntry doc/scopes.md
263 silly gunzTarPerm modified mode [ 'doc/scopes.md', 436, 438 ]
264 silly gunzTarPerm extractEntry doc/script.md
265 silly gunzTarPerm modified mode [ 'doc/script.md', 436, 438 ]
266 silly gunzTarPerm extractEntry deps/libiconv/lib/aliases_syssolaris.h
267 silly gunzTarPerm modified mode [ 'deps/libiconv/lib/aliases_syssolaris.h', 420, 438 ]
268 silly gunzTarPerm extractEntry deps/libiconv/lib/armscii_8.h
269 silly gunzTarPerm modified mode [ 'deps/libiconv/lib/armscii_8.h', 420, 438 ]
270 silly gunzTarPerm extractEntry deps/libiconv/lib/ascii.h
271 silly gunzTarPerm modified mode [ 'deps/libiconv/lib/ascii.h', 420, 438 ]
272 silly gunzTarPerm extractEntry doc/string_bytes.md
273 silly gunzTarPerm modified mode [ 'doc/string_bytes.md', 436, 438 ]
274 silly gunzTarPerm extractEntry doc/v8_internals.md
275 silly gunzTarPerm modified mode [ 'doc/v8_internals.md', 436, 438 ]
276 silly gunzTarPerm extractEntry deps/libiconv/lib/atarist.h
277 silly gunzTarPerm modified mode [ 'deps/libiconv/lib/atarist.h', 420, 438 ]
278 silly gunzTarPerm extractEntry deps/libiconv/lib/big5.h
279 silly gunzTarPerm modified mode [ 'deps/libiconv/lib/big5.h', 420, 438 ]
280 silly gunzTarPerm extractEntry doc/v8_misc.md
281 silly gunzTarPerm modified mode [ 'doc/v8_misc.md', 436, 438 ]
282 silly gunzTarPerm extractEntry nan.h
283 silly gunzTarPerm modified mode [ 'nan.h', 436, 438 ]
284 silly gunzTarPerm extractEntry deps/libiconv/lib/big5_2003.h
285 silly gunzTarPerm modified mode [ 'deps/libiconv/lib/big5_2003.h', 420, 438 ]
286 silly gunzTarPerm extractEntry deps/libiconv/lib/big5hkscs1999.h
287 silly gunzTarPerm modified mode [ 'deps/libiconv/lib/big5hkscs1999.h', 420, 438 ]
288 silly gunzTarPerm extractEntry deps/libiconv/lib/big5hkscs2001.h
289 silly gunzTarPerm modified mode [ 'deps/libiconv/lib/big5hkscs2001.h', 420, 438 ]
290 silly gunzTarPerm extractEntry nan_callbacks.h
291 silly gunzTarPerm modified mode [ 'nan_callbacks.h', 436, 438 ]
292 silly gunzTarPerm extractEntry nan_callbacks_12_inl.h
293 silly gunzTarPerm modified mode [ 'nan_callbacks_12_inl.h', 436, 438 ]
294 silly gunzTarPerm extractEntry nan_callbacks_pre_12_inl.h
295 silly gunzTarPerm modified mode [ 'nan_callbacks_pre_12_inl.h', 436, 438 ]
296 silly gunzTarPerm extractEntry nan_converters.h
297 silly gunzTarPerm modified mode [ 'nan_converters.h', 436, 438 ]
298 silly gunzTarPerm extractEntry deps/libiconv/lib/big5hkscs2004.h
299 silly gunzTarPerm modified mode [ 'deps/libiconv/lib/big5hkscs2004.h', 420, 438 ]
300 silly gunzTarPerm extractEntry deps/libiconv/lib/big5hkscs2008.h
301 silly gunzTarPerm modified mode [ 'deps/libiconv/lib/big5hkscs2008.h', 420, 438 ]
302 silly gunzTarPerm extractEntry nan_converters_pre_43_inl.h
303 silly gunzTarPerm modified mode [ 'nan_converters_pre_43_inl.h', 436, 438 ]
304 silly gunzTarPerm extractEntry nan_implementation_12_inl.h
305 silly gunzTarPerm modified mode [ 'nan_implementation_12_inl.h', 436, 438 ]
306 silly gunzTarPerm extractEntry nan_implementation_pre_12_inl.h
307 silly gunzTarPerm modified mode [ 'nan_implementation_pre_12_inl.h', 436, 438 ]
308 silly gunzTarPerm extractEntry nan_json.h
309 silly gunzTarPerm modified mode [ 'nan_json.h', 436, 438 ]
310 silly gunzTarPerm extractEntry deps/libiconv/lib/c99.h
311 silly gunzTarPerm modified mode [ 'deps/libiconv/lib/c99.h', 420, 438 ]
312 silly gunzTarPerm extractEntry deps/libiconv/lib/canonical.h
313 silly gunzTarPerm modified mode [ 'deps/libiconv/lib/canonical.h', 420, 438 ]
314 silly gunzTarPerm extractEntry nan_maybe_43_inl.h
315 silly gunzTarPerm modified mode [ 'nan_maybe_43_inl.h', 436, 438 ]
316 silly gunzTarPerm extractEntry deps/libiconv/lib/canonical_aix.h
317 silly gunzTarPerm modified mode [ 'deps/libiconv/lib/canonical_aix.h', 420, 438 ]
318 silly gunzTarPerm extractEntry deps/libiconv/lib/canonical_aix_sysaix.h
319 silly gunzTarPerm modified mode [ 'deps/libiconv/lib/canonical_aix_sysaix.h', 420, 438 ]
320 silly gunzTarPerm extractEntry nan_maybe_pre_43_inl.h
321 silly gunzTarPerm modified mode [ 'nan_maybe_pre_43_inl.h', 436, 438 ]
322 silly gunzTarPerm extractEntry nan_new.h
323 silly gunzTarPerm modified mode [ 'nan_new.h', 436, 438 ]
324 silly gunzTarPerm extractEntry deps/libiconv/lib/canonical_dos.h
325 silly gunzTarPerm modified mode [ 'deps/libiconv/lib/canonical_dos.h', 420, 438 ]
326 silly gunzTarPerm extractEntry deps/libiconv/lib/canonical_extra.h
327 silly gunzTarPerm modified mode [ 'deps/libiconv/lib/canonical_extra.h', 420, 438 ]
328 silly gunzTarPerm extractEntry nan_object_wrap.h
329 silly gunzTarPerm modified mode [ 'nan_object_wrap.h', 436, 438 ]
330 silly gunzTarPerm extractEntry nan_persistent_12_inl.h
331 silly gunzTarPerm modified mode [ 'nan_persistent_12_inl.h', 436, 438 ]
332 silly gunzTarPerm extractEntry deps/libiconv/lib/canonical_local.h
333 silly gunzTarPerm modified mode [ 'deps/libiconv/lib/canonical_local.h', 420, 438 ]
334 silly gunzTarPerm extractEntry deps/libiconv/lib/canonical_local_sysaix.h
335 silly gunzTarPerm modified mode [ 'deps/libiconv/lib/canonical_local_sysaix.h', 420, 438 ]
336 silly gunzTarPerm extractEntry deps/libiconv/lib/canonical_local_syshpux.h
337 silly gunzTarPerm modified mode [ 'deps/libiconv/lib/canonical_local_syshpux.h', 420, 438 ]
338 silly gunzTarPerm extractEntry deps/libiconv/lib/canonical_local_sysosf1.h
339 silly gunzTarPerm modified mode [ 'deps/libiconv/lib/canonical_local_sysosf1.h', 420, 438 ]
340 silly gunzTarPerm extractEntry deps/libiconv/lib/canonical_local_syssolaris.h
341 silly gunzTarPerm modified mode [ 'deps/libiconv/lib/canonical_local_syssolaris.h', 420, 438 ]
342 silly gunzTarPerm extractEntry deps/libiconv/lib/canonical_osf1.h
343 silly gunzTarPerm modified mode [ 'deps/libiconv/lib/canonical_osf1.h', 420, 438 ]
344 silly gunzTarPerm extractEntry deps/libiconv/lib/canonical_osf1_sysosf1.h
345 silly gunzTarPerm modified mode [ 'deps/libiconv/lib/canonical_osf1_sysosf1.h', 420, 438 ]
346 silly gunzTarPerm extractEntry nan_persistent_pre_12_inl.h
347 silly gunzTarPerm modified mode [ 'nan_persistent_pre_12_inl.h', 436, 438 ]
348 silly gunzTarPerm extractEntry nan_private.h
349 silly gunzTarPerm modified mode [ 'nan_private.h', 436, 438 ]
350 silly gunzTarPerm extractEntry deps/libiconv/lib/canonical_sysaix.h
351 silly gunzTarPerm modified mode [ 'deps/libiconv/lib/canonical_sysaix.h', 420, 438 ]
352 silly gunzTarPerm extractEntry deps/libiconv/lib/canonical_syshpux.h
353 silly gunzTarPerm modified mode [ 'deps/libiconv/lib/canonical_syshpux.h', 420, 438 ]
354 silly gunzTarPerm extractEntry deps/libiconv/lib/canonical_sysosf1.h
355 silly gunzTarPerm modified mode [ 'deps/libiconv/lib/canonical_sysosf1.h', 420, 438 ]
356 silly gunzTarPerm extractEntry nan_string_bytes.h
357 silly gunzTarPerm modified mode [ 'nan_string_bytes.h', 436, 438 ]
358 silly gunzTarPerm extractEntry nan_typedarray_contents.h
359 silly gunzTarPerm modified mode [ 'nan_typedarray_contents.h', 436, 438 ]
360 silly gunzTarPerm extractEntry deps/libiconv/lib/canonical_syssolaris.h
361 silly gunzTarPerm modified mode [ 'deps/libiconv/lib/canonical_syssolaris.h', 420, 438 ]
362 silly gunzTarPerm extractEntry deps/libiconv/lib/ces_big5.h
363 silly gunzTarPerm modified mode [ 'deps/libiconv/lib/ces_big5.h', 420, 438 ]
364 silly gunzTarPerm extractEntry deps/libiconv/lib/ces_gbk.h
365 silly gunzTarPerm modified mode [ 'deps/libiconv/lib/ces_gbk.h', 420, 438 ]
366 silly gunzTarPerm extractEntry deps/libiconv/lib/cjk_variants.h
367 silly gunzTarPerm modified mode [ 'deps/libiconv/lib/cjk_variants.h', 420, 438 ]
368 silly gunzTarPerm extractEntry nan_weak.h
369 silly gunzTarPerm modified mode [ 'nan_weak.h', 436, 438 ]
370 silly gunzTarPerm extractEntry CHANGELOG.md
371 silly gunzTarPerm modified mode [ 'CHANGELOG.md', 436, 438 ]
372 silly gunzTarPerm extractEntry tools/package.json
373 silly gunzTarPerm modified mode [ 'tools/package.json', 436, 438 ]
374 silly gunzTarPerm extractEntry tools/README.md
375 silly gunzTarPerm modified mode [ 'tools/README.md', 436, 438 ]
376 silly gunzTarPerm extractEntry deps/libiconv/lib/cns11643.h
377 silly gunzTarPerm modified mode [ 'deps/libiconv/lib/cns11643.h', 420, 438 ]
378 silly gunzTarPerm extractEntry deps/libiconv/lib/cns11643_1.h
379 silly gunzTarPerm modified mode [ 'deps/libiconv/lib/cns11643_1.h', 420, 438 ]
380 silly gunzTarPerm extractEntry deps/libiconv/lib/cns11643_15.h
381 silly gunzTarPerm modified mode [ 'deps/libiconv/lib/cns11643_15.h', 420, 438 ]
382 silly gunzTarPerm extractEntry tools/1to2.js
383 silly gunzTarPerm modified mode [ 'tools/1to2.js', 509, 511 ]
384 silly gunzTarPerm extractEntry deps/libiconv/lib/cns11643_2.h
385 silly gunzTarPerm modified mode [ 'deps/libiconv/lib/cns11643_2.h', 420, 438 ]
386 silly gunzTarPerm extractEntry deps/libiconv/lib/cns11643_3.h
387 silly gunzTarPerm modified mode [ 'deps/libiconv/lib/cns11643_3.h', 420, 438 ]
388 silly gunzTarPerm extractEntry deps/libiconv/lib/cns11643_4.h
389 silly gunzTarPerm modified mode [ 'deps/libiconv/lib/cns11643_4.h', 420, 438 ]
390 silly gunzTarPerm extractEntry deps/libiconv/lib/cns11643_4a.h
391 silly gunzTarPerm modified mode [ 'deps/libiconv/lib/cns11643_4a.h', 420, 438 ]
392 silly gunzTarPerm extractEntry deps/libiconv/lib/cns11643_4b.h
393 silly gunzTarPerm modified mode [ 'deps/libiconv/lib/cns11643_4b.h', 420, 438 ]
394 silly gunzTarPerm extractEntry deps/libiconv/lib/cns11643_5.h
395 silly gunzTarPerm modified mode [ 'deps/libiconv/lib/cns11643_5.h', 420, 438 ]
396 silly gunzTarPerm extractEntry deps/libiconv/lib/cns11643_6.h
397 silly gunzTarPerm modified mode [ 'deps/libiconv/lib/cns11643_6.h', 420, 438 ]
398 silly gunzTarPerm extractEntry deps/libiconv/lib/cns11643_7.h
399 silly gunzTarPerm modified mode [ 'deps/libiconv/lib/cns11643_7.h', 420, 438 ]
400 silly gunzTarPerm extractEntry deps/libiconv/lib/cns11643_inv.h
401 silly gunzTarPerm modified mode [ 'deps/libiconv/lib/cns11643_inv.h', 420, 438 ]
402 silly gunzTarPerm extractEntry deps/libiconv/lib/converters.h
403 silly gunzTarPerm modified mode [ 'deps/libiconv/lib/converters.h', 420, 438 ]
404 silly gunzTarPerm extractEntry deps/libiconv/lib/cp1046.h
405 silly gunzTarPerm modified mode [ 'deps/libiconv/lib/cp1046.h', 420, 438 ]
406 silly gunzTarPerm extractEntry deps/libiconv/lib/cp1124.h
407 silly gunzTarPerm modified mode [ 'deps/libiconv/lib/cp1124.h', 420, 438 ]
408 silly gunzTarPerm extractEntry deps/libiconv/lib/cp1125.h
409 silly gunzTarPerm modified mode [ 'deps/libiconv/lib/cp1125.h', 420, 438 ]
410 silly gunzTarPerm extractEntry deps/libiconv/lib/cp1129.h
411 silly gunzTarPerm modified mode [ 'deps/libiconv/lib/cp1129.h', 420, 438 ]
412 silly gunzTarPerm extractEntry deps/libiconv/lib/cp1131.h
413 silly gunzTarPerm modified mode [ 'deps/libiconv/lib/cp1131.h', 420, 438 ]
414 silly gunzTarPerm extractEntry deps/libiconv/lib/cp1133.h
415 silly gunzTarPerm modified mode [ 'deps/libiconv/lib/cp1133.h', 420, 438 ]
416 silly gunzTarPerm extractEntry deps/libiconv/lib/cp1161.h
417 silly gunzTarPerm modified mode [ 'deps/libiconv/lib/cp1161.h', 420, 438 ]
418 silly gunzTarPerm extractEntry deps/libiconv/lib/cp1162.h
419 silly gunzTarPerm modified mode [ 'deps/libiconv/lib/cp1162.h', 420, 438 ]
420 silly gunzTarPerm extractEntry deps/libiconv/lib/cp1163.h
421 silly gunzTarPerm modified mode [ 'deps/libiconv/lib/cp1163.h', 420, 438 ]
422 silly gunzTarPerm extractEntry deps/libiconv/lib/cp1250.h
423 silly gunzTarPerm modified mode [ 'deps/libiconv/lib/cp1250.h', 420, 438 ]
424 silly gunzTarPerm extractEntry deps/libiconv/lib/cp1251.h
425 silly gunzTarPerm modified mode [ 'deps/libiconv/lib/cp1251.h', 420, 438 ]
426 silly gunzTarPerm extractEntry deps/libiconv/lib/cp1252.h
427 silly gunzTarPerm modified mode [ 'deps/libiconv/lib/cp1252.h', 420, 438 ]
428 silly gunzTarPerm extractEntry deps/libiconv/lib/cp1253.h
429 silly gunzTarPerm modified mode [ 'deps/libiconv/lib/cp1253.h', 420, 438 ]
430 silly gunzTarPerm extractEntry deps/libiconv/lib/cp1254.h
431 silly gunzTarPerm modified mode [ 'deps/libiconv/lib/cp1254.h', 420, 438 ]
432 silly gunzTarPerm extractEntry deps/libiconv/lib/cp1255.h
433 silly gunzTarPerm modified mode [ 'deps/libiconv/lib/cp1255.h', 420, 438 ]
434 silly gunzTarPerm extractEntry deps/libiconv/lib/cp1256.h
435 silly gunzTarPerm modified mode [ 'deps/libiconv/lib/cp1256.h', 420, 438 ]
436 silly gunzTarPerm extractEntry deps/libiconv/lib/cp1257.h
437 silly gunzTarPerm modified mode [ 'deps/libiconv/lib/cp1257.h', 420, 438 ]
438 silly gunzTarPerm extractEntry deps/libiconv/lib/cp1258.h
439 silly gunzTarPerm modified mode [ 'deps/libiconv/lib/cp1258.h', 420, 438 ]
440 silly gunzTarPerm extractEntry deps/libiconv/lib/cp437.h
441 silly gunzTarPerm modified mode [ 'deps/libiconv/lib/cp437.h', 420, 438 ]
442 silly gunzTarPerm extractEntry deps/libiconv/lib/cp50221_0208_ext.h
443 silly gunzTarPerm modified mode [ 'deps/libiconv/lib/cp50221_0208_ext.h', 420, 438 ]
444 silly gunzTarPerm extractEntry deps/libiconv/lib/cp50221_0212_ext.h
445 silly gunzTarPerm modified mode [ 'deps/libiconv/lib/cp50221_0212_ext.h', 420, 438 ]
446 silly gunzTarPerm extractEntry deps/libiconv/lib/cp737.h
447 silly gunzTarPerm modified mode [ 'deps/libiconv/lib/cp737.h', 420, 438 ]
448 silly gunzTarPerm extractEntry deps/libiconv/lib/cp775.h
449 silly gunzTarPerm modified mode [ 'deps/libiconv/lib/cp775.h', 420, 438 ]
450 silly gunzTarPerm extractEntry deps/libiconv/lib/cp850.h
451 silly gunzTarPerm modified mode [ 'deps/libiconv/lib/cp850.h', 420, 438 ]
452 silly gunzTarPerm extractEntry deps/libiconv/lib/cp852.h
453 silly gunzTarPerm modified mode [ 'deps/libiconv/lib/cp852.h', 420, 438 ]
454 silly gunzTarPerm extractEntry deps/libiconv/lib/cp853.h
455 silly gunzTarPerm modified mode [ 'deps/libiconv/lib/cp853.h', 420, 438 ]
456 silly gunzTarPerm extractEntry deps/libiconv/lib/cp855.h
457 silly gunzTarPerm modified mode [ 'deps/libiconv/lib/cp855.h', 420, 438 ]
458 silly gunzTarPerm extractEntry deps/libiconv/lib/cp856.h
459 silly gunzTarPerm modified mode [ 'deps/libiconv/lib/cp856.h', 420, 438 ]
460 silly gunzTarPerm extractEntry deps/libiconv/lib/cp857.h
461 silly gunzTarPerm modified mode [ 'deps/libiconv/lib/cp857.h', 420, 438 ]
462 silly gunzTarPerm extractEntry deps/libiconv/lib/cp858.h
463 silly gunzTarPerm modified mode [ 'deps/libiconv/lib/cp858.h', 420, 438 ]
464 silly gunzTarPerm extractEntry deps/libiconv/lib/cp860.h
465 silly gunzTarPerm modified mode [ 'deps/libiconv/lib/cp860.h', 420, 438 ]
466 silly gunzTarPerm extractEntry deps/libiconv/lib/cp861.h
467 silly gunzTarPerm modified mode [ 'deps/libiconv/lib/cp861.h', 420, 438 ]
468 silly gunzTarPerm extractEntry deps/libiconv/lib/cp862.h
469 silly gunzTarPerm modified mode [ 'deps/libiconv/lib/cp862.h', 420, 438 ]
470 silly gunzTarPerm extractEntry deps/libiconv/lib/cp863.h
471 silly gunzTarPerm modified mode [ 'deps/libiconv/lib/cp863.h', 420, 438 ]
472 silly gunzTarPerm extractEntry deps/libiconv/lib/cp864.h
473 silly gunzTarPerm modified mode [ 'deps/libiconv/lib/cp864.h', 420, 438 ]
474 silly gunzTarPerm extractEntry deps/libiconv/lib/cp865.h
475 silly gunzTarPerm modified mode [ 'deps/libiconv/lib/cp865.h', 420, 438 ]
476 silly gunzTarPerm extractEntry deps/libiconv/lib/cp866.h
477 silly gunzTarPerm modified mode [ 'deps/libiconv/lib/cp866.h', 420, 438 ]
478 silly gunzTarPerm extractEntry deps/libiconv/lib/cp869.h
479 silly gunzTarPerm modified mode [ 'deps/libiconv/lib/cp869.h', 420, 438 ]
480 silly gunzTarPerm extractEntry deps/libiconv/lib/cp874.h
481 silly gunzTarPerm modified mode [ 'deps/libiconv/lib/cp874.h', 420, 438 ]
482 silly gunzTarPerm extractEntry deps/libiconv/lib/cp922.h
483 silly gunzTarPerm modified mode [ 'deps/libiconv/lib/cp922.h', 420, 438 ]
484 silly gunzTarPerm extractEntry deps/libiconv/lib/cp932.h
485 silly gunzTarPerm modified mode [ 'deps/libiconv/lib/cp932.h', 420, 438 ]
486 silly gunzTarPerm extractEntry deps/libiconv/lib/cp932ext.h
487 silly gunzTarPerm modified mode [ 'deps/libiconv/lib/cp932ext.h', 420, 438 ]
488 silly gunzTarPerm extractEntry deps/libiconv/lib/cp936.h
489 silly gunzTarPerm modified mode [ 'deps/libiconv/lib/cp936.h', 420, 438 ]
490 silly gunzTarPerm extractEntry deps/libiconv/lib/cp936ext.h
491 silly gunzTarPerm modified mode [ 'deps/libiconv/lib/cp936ext.h', 420, 438 ]
492 silly gunzTarPerm extractEntry deps/libiconv/lib/cp943.h
493 silly gunzTarPerm modified mode [ 'deps/libiconv/lib/cp943.h', 420, 438 ]
494 silly gunzTarPerm extractEntry deps/libiconv/lib/cp949.h
495 silly gunzTarPerm modified mode [ 'deps/libiconv/lib/cp949.h', 420, 438 ]
496 silly gunzTarPerm extractEntry deps/libiconv/lib/cp950.h
497 silly gunzTarPerm modified mode [ 'deps/libiconv/lib/cp950.h', 420, 438 ]
498 silly gentlyRm C:\Cursos\app_hurbano\backend\node_modules\.staging\nan-3ae3e5aa\node_modules is being purged
499 verbose gentlyRm don't care about contents; nuking C:\Cursos\app_hurbano\backend\node_modules\.staging\nan-3ae3e5aa\node_modules
500 silly gunzTarPerm extractEntry deps/libiconv/lib/cp950ext.h
501 silly gunzTarPerm modified mode [ 'deps/libiconv/lib/cp950ext.h', 420, 438 ]
502 silly gunzTarPerm extractEntry deps/libiconv/lib/dec_hanyu.h
503 silly gunzTarPerm modified mode [ 'deps/libiconv/lib/dec_hanyu.h', 420, 438 ]
504 silly gunzTarPerm extractEntry deps/libiconv/lib/dec_kanji.h
505 silly gunzTarPerm modified mode [ 'deps/libiconv/lib/dec_kanji.h', 420, 438 ]
506 silly gunzTarPerm extractEntry deps/libiconv/lib/encodings.def
507 silly gunzTarPerm modified mode [ 'deps/libiconv/lib/encodings.def', 420, 438 ]
508 silly gunzTarPerm extractEntry deps/libiconv/lib/encodings_aix.def
509 silly gunzTarPerm modified mode [ 'deps/libiconv/lib/encodings_aix.def', 420, 438 ]
510 silly gunzTarPerm extractEntry deps/libiconv/lib/encodings_dos.def
511 silly gunzTarPerm modified mode [ 'deps/libiconv/lib/encodings_dos.def', 420, 438 ]
512 silly gunzTarPerm extractEntry deps/libiconv/lib/encodings_extra.def
513 silly gunzTarPerm modified mode [ 'deps/libiconv/lib/encodings_extra.def', 420, 438 ]
514 silly gunzTarPerm extractEntry deps/libiconv/lib/encodings_local.def
515 silly gunzTarPerm modified mode [ 'deps/libiconv/lib/encodings_local.def', 420, 438 ]
516 silly gunzTarPerm extractEntry deps/libiconv/lib/encodings_osf1.def
517 silly gunzTarPerm modified mode [ 'deps/libiconv/lib/encodings_osf1.def', 420, 438 ]
518 silly gunzTarPerm extractEntry deps/libiconv/lib/euc_cn.h
519 silly gunzTarPerm modified mode [ 'deps/libiconv/lib/euc_cn.h', 420, 438 ]
520 silly gunzTarPerm extractEntry deps/libiconv/lib/euc_jisx0213.h
521 silly gunzTarPerm modified mode [ 'deps/libiconv/lib/euc_jisx0213.h', 420, 438 ]
522 silly gunzTarPerm extractEntry deps/libiconv/lib/aliases2.h
523 silly gunzTarPerm modified mode [ 'deps/libiconv/lib/aliases2.h', 420, 438 ]
524 silly gunzTarPerm extractEntry deps/libiconv/lib/euc_kr.h
525 silly gunzTarPerm modified mode [ 'deps/libiconv/lib/euc_kr.h', 420, 438 ]
526 silly gunzTarPerm extractEntry deps/libiconv/lib/euc_tw.h
527 silly gunzTarPerm modified mode [ 'deps/libiconv/lib/euc_tw.h', 420, 438 ]
528 silly gunzTarPerm extractEntry deps/libiconv/lib/flags.h
529 silly gunzTarPerm modified mode [ 'deps/libiconv/lib/flags.h', 420, 438 ]
530 silly gunzTarPerm extractEntry deps/libiconv/lib/flushwc.h
531 silly gunzTarPerm modified mode [ 'deps/libiconv/lib/flushwc.h', 420, 438 ]
532 silly gunzTarPerm extractEntry deps/libiconv/lib/gb12345.h
533 silly gunzTarPerm modified mode [ 'deps/libiconv/lib/gb12345.h', 420, 438 ]
534 silly gunzTarPerm extractEntry deps/libiconv/lib/gb12345ext.h
535 silly gunzTarPerm modified mode [ 'deps/libiconv/lib/gb12345ext.h', 420, 438 ]
536 silly gunzTarPerm extractEntry deps/libiconv/lib/gb18030.h
537 silly gunzTarPerm modified mode [ 'deps/libiconv/lib/gb18030.h', 420, 438 ]
538 silly gunzTarPerm extractEntry deps/libiconv/lib/gb18030ext.h
539 silly gunzTarPerm modified mode [ 'deps/libiconv/lib/gb18030ext.h', 420, 438 ]
540 silly gunzTarPerm extractEntry deps/libiconv/lib/gb18030uni.h
541 silly gunzTarPerm modified mode [ 'deps/libiconv/lib/gb18030uni.h', 420, 438 ]
542 silly gunzTarPerm extractEntry deps/libiconv/lib/gb2312.h
543 silly gunzTarPerm modified mode [ 'deps/libiconv/lib/gb2312.h', 420, 438 ]
544 silly gunzTarPerm extractEntry deps/libiconv/lib/gbk.h
545 silly gunzTarPerm modified mode [ 'deps/libiconv/lib/gbk.h', 420, 438 ]
546 silly gunzTarPerm extractEntry deps/libiconv/lib/gbkext1.h
547 silly gunzTarPerm modified mode [ 'deps/libiconv/lib/gbkext1.h', 420, 438 ]
548 silly gunzTarPerm extractEntry deps/libiconv/lib/gbkext2.h
549 silly gunzTarPerm modified mode [ 'deps/libiconv/lib/gbkext2.h', 420, 438 ]
550 silly gunzTarPerm extractEntry deps/libiconv/lib/gbkext_inv.h
551 silly gunzTarPerm modified mode [ 'deps/libiconv/lib/gbkext_inv.h', 420, 438 ]
552 silly gunzTarPerm extractEntry deps/libiconv/lib/georgian_academy.h
553 silly gunzTarPerm modified mode [ 'deps/libiconv/lib/georgian_academy.h', 420, 438 ]
554 silly gunzTarPerm extractEntry deps/libiconv/lib/georgian_ps.h
555 silly gunzTarPerm modified mode [ 'deps/libiconv/lib/georgian_ps.h', 420, 438 ]
556 silly gunzTarPerm extractEntry deps/libiconv/lib/hkscs1999.h
557 silly gunzTarPerm modified mode [ 'deps/libiconv/lib/hkscs1999.h', 420, 438 ]
558 silly gunzTarPerm extractEntry deps/libiconv/lib/hkscs2001.h
559 silly gunzTarPerm modified mode [ 'deps/libiconv/lib/hkscs2001.h', 420, 438 ]
560 silly gunzTarPerm extractEntry deps/libiconv/lib/hkscs2004.h
561 silly gunzTarPerm modified mode [ 'deps/libiconv/lib/hkscs2004.h', 420, 438 ]
562 silly gunzTarPerm extractEntry deps/libiconv/lib/hkscs2008.h
563 silly gunzTarPerm modified mode [ 'deps/libiconv/lib/hkscs2008.h', 420, 438 ]
564 silly gunzTarPerm extractEntry deps/libiconv/lib/hp_roman8.h
565 silly gunzTarPerm modified mode [ 'deps/libiconv/lib/hp_roman8.h', 420, 438 ]
566 silly gunzTarPerm extractEntry deps/libiconv/lib/hz.h
567 silly gunzTarPerm modified mode [ 'deps/libiconv/lib/hz.h', 420, 438 ]
568 silly gunzTarPerm extractEntry deps/libiconv/lib/iconv.c
569 silly gunzTarPerm modified mode [ 'deps/libiconv/lib/iconv.c', 420, 438 ]
570 silly gunzTarPerm extractEntry deps/libiconv/lib/iconv_open1.h
571 silly gunzTarPerm modified mode [ 'deps/libiconv/lib/iconv_open1.h', 420, 438 ]
572 silly gunzTarPerm extractEntry deps/libiconv/lib/iconv_open2.h
573 silly gunzTarPerm modified mode [ 'deps/libiconv/lib/iconv_open2.h', 420, 438 ]
574 silly gunzTarPerm extractEntry deps/libiconv/lib/iso2022_cn.h
575 silly gunzTarPerm modified mode [ 'deps/libiconv/lib/iso2022_cn.h', 420, 438 ]
576 silly gunzTarPerm extractEntry deps/libiconv/lib/iso2022_cnext.h
577 silly gunzTarPerm modified mode [ 'deps/libiconv/lib/iso2022_cnext.h', 420, 438 ]
578 silly gunzTarPerm extractEntry deps/libiconv/lib/iso2022_jp.h
579 silly gunzTarPerm modified mode [ 'deps/libiconv/lib/iso2022_jp.h', 420, 438 ]
580 silly gunzTarPerm extractEntry deps/libiconv/lib/iso2022_jp1.h
581 silly gunzTarPerm modified mode [ 'deps/libiconv/lib/iso2022_jp1.h', 420, 438 ]
582 silly gunzTarPerm extractEntry deps/libiconv/lib/iso2022_jp2.h
583 silly gunzTarPerm modified mode [ 'deps/libiconv/lib/iso2022_jp2.h', 420, 438 ]
584 silly gunzTarPerm extractEntry deps/libiconv/lib/iso2022_jp3.h
585 silly gunzTarPerm modified mode [ 'deps/libiconv/lib/iso2022_jp3.h', 420, 438 ]
586 silly gunzTarPerm extractEntry deps/libiconv/lib/iso2022_jpms.h
587 silly gunzTarPerm modified mode [ 'deps/libiconv/lib/iso2022_jpms.h', 420, 438 ]
588 silly gunzTarPerm extractEntry deps/libiconv/lib/iso2022_kr.h
589 silly gunzTarPerm modified mode [ 'deps/libiconv/lib/iso2022_kr.h', 420, 438 ]
590 silly gunzTarPerm extractEntry deps/libiconv/lib/iso646_cn.h
591 silly gunzTarPerm modified mode [ 'deps/libiconv/lib/iso646_cn.h', 420, 438 ]
592 silly gunzTarPerm extractEntry deps/libiconv/lib/iso646_jp.h
593 silly gunzTarPerm modified mode [ 'deps/libiconv/lib/iso646_jp.h', 420, 438 ]
594 silly gunzTarPerm extractEntry deps/libiconv/lib/iso8859_1.h
595 silly gunzTarPerm modified mode [ 'deps/libiconv/lib/iso8859_1.h', 420, 438 ]
596 silly gunzTarPerm extractEntry deps/libiconv/lib/iso8859_10.h
597 silly gunzTarPerm modified mode [ 'deps/libiconv/lib/iso8859_10.h', 420, 438 ]
598 silly gunzTarPerm extractEntry deps/libiconv/lib/iso8859_11.h
599 silly gunzTarPerm modified mode [ 'deps/libiconv/lib/iso8859_11.h', 420, 438 ]
600 silly gunzTarPerm extractEntry deps/libiconv/lib/iso8859_13.h
601 silly gunzTarPerm modified mode [ 'deps/libiconv/lib/iso8859_13.h', 420, 438 ]
602 silly gunzTarPerm extractEntry deps/libiconv/lib/iso8859_14.h
603 silly gunzTarPerm modified mode [ 'deps/libiconv/lib/iso8859_14.h', 420, 438 ]
604 silly gunzTarPerm extractEntry deps/libiconv/lib/iso8859_15.h
605 silly gunzTarPerm modified mode [ 'deps/libiconv/lib/iso8859_15.h', 420, 438 ]
606 silly gunzTarPerm extractEntry deps/libiconv/lib/iso8859_16.h
607 silly gunzTarPerm modified mode [ 'deps/libiconv/lib/iso8859_16.h', 420, 438 ]
608 silly gunzTarPerm extractEntry deps/libiconv/lib/iso8859_2.h
609 silly gunzTarPerm modified mode [ 'deps/libiconv/lib/iso8859_2.h', 420, 438 ]
610 silly gunzTarPerm extractEntry deps/libiconv/lib/iso8859_3.h
611 silly gunzTarPerm modified mode [ 'deps/libiconv/lib/iso8859_3.h', 420, 438 ]
612 silly gunzTarPerm extractEntry deps/libiconv/lib/iso8859_4.h
613 silly gunzTarPerm modified mode [ 'deps/libiconv/lib/iso8859_4.h', 420, 438 ]
614 silly gunzTarPerm extractEntry deps/libiconv/lib/iso8859_5.h
615 silly gunzTarPerm modified mode [ 'deps/libiconv/lib/iso8859_5.h', 420, 438 ]
616 silly gunzTarPerm extractEntry deps/libiconv/lib/iso8859_6.h
617 silly gunzTarPerm modified mode [ 'deps/libiconv/lib/iso8859_6.h', 420, 438 ]
618 silly gunzTarPerm extractEntry deps/libiconv/lib/iso8859_7.h
619 silly gunzTarPerm modified mode [ 'deps/libiconv/lib/iso8859_7.h', 420, 438 ]
620 silly gunzTarPerm extractEntry deps/libiconv/lib/iso8859_8.h
621 silly gunzTarPerm modified mode [ 'deps/libiconv/lib/iso8859_8.h', 420, 438 ]
622 silly gunzTarPerm extractEntry deps/libiconv/lib/iso8859_9.h
623 silly gunzTarPerm modified mode [ 'deps/libiconv/lib/iso8859_9.h', 420, 438 ]
624 silly gunzTarPerm extractEntry deps/libiconv/lib/isoir165.h
625 silly gunzTarPerm modified mode [ 'deps/libiconv/lib/isoir165.h', 420, 438 ]
626 silly gunzTarPerm extractEntry deps/libiconv/lib/isoir165ext.h
627 silly gunzTarPerm modified mode [ 'deps/libiconv/lib/isoir165ext.h', 420, 438 ]
628 silly gunzTarPerm extractEntry deps/libiconv/lib/java.h
629 silly gunzTarPerm modified mode [ 'deps/libiconv/lib/java.h', 420, 438 ]
630 silly gunzTarPerm extractEntry deps/libiconv/lib/jisx0201.h
631 silly gunzTarPerm modified mode [ 'deps/libiconv/lib/jisx0201.h', 420, 438 ]
632 silly gunzTarPerm extractEntry deps/libiconv/lib/jisx0208.h
633 silly gunzTarPerm modified mode [ 'deps/libiconv/lib/jisx0208.h', 420, 438 ]
634 silly gunzTarPerm extractEntry deps/libiconv/lib/jisx0212.h
635 silly gunzTarPerm modified mode [ 'deps/libiconv/lib/jisx0212.h', 420, 438 ]
636 silly gunzTarPerm extractEntry deps/libiconv/lib/jisx0213.h
637 silly gunzTarPerm modified mode [ 'deps/libiconv/lib/jisx0213.h', 420, 438 ]
638 silly gunzTarPerm extractEntry deps/libiconv/lib/johab.h
639 silly gunzTarPerm modified mode [ 'deps/libiconv/lib/johab.h', 420, 438 ]
640 silly gunzTarPerm extractEntry deps/libiconv/lib/johab_hangul.h
641 silly gunzTarPerm modified mode [ 'deps/libiconv/lib/johab_hangul.h', 420, 438 ]
642 silly gunzTarPerm extractEntry deps/libiconv/lib/koi8_r.h
643 silly gunzTarPerm modified mode [ 'deps/libiconv/lib/koi8_r.h', 420, 438 ]
644 silly gunzTarPerm extractEntry deps/libiconv/lib/koi8_ru.h
645 silly gunzTarPerm modified mode [ 'deps/libiconv/lib/koi8_ru.h', 420, 438 ]
646 silly gunzTarPerm extractEntry deps/libiconv/lib/koi8_t.h
647 silly gunzTarPerm modified mode [ 'deps/libiconv/lib/koi8_t.h', 420, 438 ]
648 silly gunzTarPerm extractEntry deps/libiconv/lib/koi8_u.h
649 silly gunzTarPerm modified mode [ 'deps/libiconv/lib/koi8_u.h', 420, 438 ]
650 silly gunzTarPerm extractEntry deps/libiconv/lib/ksc5601.h
651 silly gunzTarPerm modified mode [ 'deps/libiconv/lib/ksc5601.h', 420, 438 ]
652 silly gunzTarPerm extractEntry deps/libiconv/lib/loop_unicode.h
653 silly gunzTarPerm modified mode [ 'deps/libiconv/lib/loop_unicode.h', 420, 438 ]
654 silly gunzTarPerm extractEntry deps/libiconv/lib/loop_wchar.h
655 silly gunzTarPerm modified mode [ 'deps/libiconv/lib/loop_wchar.h', 420, 438 ]
656 silly gunzTarPerm extractEntry deps/libiconv/lib/loops.h
657 silly gunzTarPerm modified mode [ 'deps/libiconv/lib/loops.h', 420, 438 ]
658 silly gunzTarPerm extractEntry deps/libiconv/lib/mac_arabic.h
659 silly gunzTarPerm modified mode [ 'deps/libiconv/lib/mac_arabic.h', 420, 438 ]
660 silly gunzTarPerm extractEntry deps/libiconv/lib/mac_centraleurope.h
661 silly gunzTarPerm modified mode [ 'deps/libiconv/lib/mac_centraleurope.h', 420, 438 ]
662 silly gunzTarPerm extractEntry deps/libiconv/lib/mac_croatian.h
663 silly gunzTarPerm modified mode [ 'deps/libiconv/lib/mac_croatian.h', 420, 438 ]
664 silly gunzTarPerm extractEntry deps/libiconv/lib/mac_cyrillic.h
665 silly gunzTarPerm modified mode [ 'deps/libiconv/lib/mac_cyrillic.h', 420, 438 ]
666 silly gunzTarPerm extractEntry deps/libiconv/lib/mac_greek.h
667 silly gunzTarPerm modified mode [ 'deps/libiconv/lib/mac_greek.h', 420, 438 ]
668 silly gunzTarPerm extractEntry deps/libiconv/lib/mac_hebrew.h
669 silly gunzTarPerm modified mode [ 'deps/libiconv/lib/mac_hebrew.h', 420, 438 ]
670 silly gunzTarPerm extractEntry deps/libiconv/lib/mac_iceland.h
671 silly gunzTarPerm modified mode [ 'deps/libiconv/lib/mac_iceland.h', 420, 438 ]
672 silly gunzTarPerm extractEntry deps/libiconv/lib/mac_roman.h
673 silly gunzTarPerm modified mode [ 'deps/libiconv/lib/mac_roman.h', 420, 438 ]
674 silly gunzTarPerm extractEntry deps/libiconv/lib/mac_romania.h
675 silly gunzTarPerm modified mode [ 'deps/libiconv/lib/mac_romania.h', 420, 438 ]
676 silly gunzTarPerm extractEntry deps/libiconv/lib/mac_thai.h
677 silly gunzTarPerm modified mode [ 'deps/libiconv/lib/mac_thai.h', 420, 438 ]
678 silly gunzTarPerm extractEntry deps/libiconv/lib/mac_turkish.h
679 silly gunzTarPerm modified mode [ 'deps/libiconv/lib/mac_turkish.h', 420, 438 ]
680 silly gunzTarPerm extractEntry deps/libiconv/lib/mac_ukraine.h
681 silly gunzTarPerm modified mode [ 'deps/libiconv/lib/mac_ukraine.h', 420, 438 ]
682 silly gunzTarPerm extractEntry deps/libiconv/lib/mulelao.h
683 silly gunzTarPerm modified mode [ 'deps/libiconv/lib/mulelao.h', 420, 438 ]
684 silly gunzTarPerm extractEntry deps/libiconv/lib/nextstep.h
685 silly gunzTarPerm modified mode [ 'deps/libiconv/lib/nextstep.h', 420, 438 ]
686 silly gunzTarPerm extractEntry deps/libiconv/lib/pt154.h
687 silly gunzTarPerm modified mode [ 'deps/libiconv/lib/pt154.h', 420, 438 ]
688 silly gunzTarPerm extractEntry deps/libiconv/lib/riscos1.h
689 silly gunzTarPerm modified mode [ 'deps/libiconv/lib/riscos1.h', 420, 438 ]
690 silly gunzTarPerm extractEntry deps/libiconv/lib/rk1048.h
691 silly gunzTarPerm modified mode [ 'deps/libiconv/lib/rk1048.h', 420, 438 ]
692 silly gunzTarPerm extractEntry deps/libiconv/lib/shift_jisx0213.h
693 silly gunzTarPerm modified mode [ 'deps/libiconv/lib/shift_jisx0213.h', 420, 438 ]
694 silly gunzTarPerm extractEntry deps/libiconv/lib/sjis.h
695 silly gunzTarPerm modified mode [ 'deps/libiconv/lib/sjis.h', 420, 438 ]
696 silly gunzTarPerm extractEntry deps/libiconv/lib/tcvn.h
697 silly gunzTarPerm modified mode [ 'deps/libiconv/lib/tcvn.h', 420, 438 ]
698 silly gunzTarPerm extractEntry deps/libiconv/lib/tds565.h
699 silly gunzTarPerm modified mode [ 'deps/libiconv/lib/tds565.h', 420, 438 ]
700 silly gunzTarPerm extractEntry deps/libiconv/lib/tis620.h
701 silly gunzTarPerm modified mode [ 'deps/libiconv/lib/tis620.h', 420, 438 ]
702 silly gunzTarPerm extractEntry deps/libiconv/lib/translit.h
703 silly gunzTarPerm modified mode [ 'deps/libiconv/lib/translit.h', 420, 438 ]
704 silly gunzTarPerm extractEntry deps/libiconv/lib/ucs2.h
705 silly gunzTarPerm modified mode [ 'deps/libiconv/lib/ucs2.h', 420, 438 ]
706 silly gunzTarPerm extractEntry deps/libiconv/lib/ucs2be.h
707 silly gunzTarPerm modified mode [ 'deps/libiconv/lib/ucs2be.h', 420, 438 ]
708 silly gunzTarPerm extractEntry deps/libiconv/lib/ucs2internal.h
709 silly gunzTarPerm modified mode [ 'deps/libiconv/lib/ucs2internal.h', 420, 438 ]
710 silly gunzTarPerm extractEntry deps/libiconv/lib/ucs2le.h
711 silly gunzTarPerm modified mode [ 'deps/libiconv/lib/ucs2le.h', 420, 438 ]
712 silly gunzTarPerm extractEntry deps/libiconv/lib/ucs2swapped.h
713 silly gunzTarPerm modified mode [ 'deps/libiconv/lib/ucs2swapped.h', 420, 438 ]
714 silly gunzTarPerm extractEntry deps/libiconv/lib/ucs4.h
715 silly gunzTarPerm modified mode [ 'deps/libiconv/lib/ucs4.h', 420, 438 ]
716 silly gunzTarPerm extractEntry deps/libiconv/lib/ucs4be.h
717 silly gunzTarPerm modified mode [ 'deps/libiconv/lib/ucs4be.h', 420, 438 ]
718 silly gunzTarPerm extractEntry deps/libiconv/lib/ucs4internal.h
719 silly gunzTarPerm modified mode [ 'deps/libiconv/lib/ucs4internal.h', 420, 438 ]
720 silly gunzTarPerm extractEntry deps/libiconv/lib/ucs4le.h
721 silly gunzTarPerm modified mode [ 'deps/libiconv/lib/ucs4le.h', 420, 438 ]
722 silly gunzTarPerm extractEntry deps/libiconv/lib/ucs4swapped.h
723 silly gunzTarPerm modified mode [ 'deps/libiconv/lib/ucs4swapped.h', 420, 438 ]
724 silly gunzTarPerm extractEntry deps/libiconv/lib/uhc_1.h
725 silly gunzTarPerm modified mode [ 'deps/libiconv/lib/uhc_1.h', 420, 438 ]
726 silly gunzTarPerm extractEntry deps/libiconv/lib/uhc_2.h
727 silly gunzTarPerm modified mode [ 'deps/libiconv/lib/uhc_2.h', 420, 438 ]
728 silly gunzTarPerm extractEntry deps/libiconv/lib/utf16.h
729 silly gunzTarPerm modified mode [ 'deps/libiconv/lib/utf16.h', 420, 438 ]
730 silly gunzTarPerm extractEntry deps/libiconv/lib/utf16be.h
731 silly gunzTarPerm modified mode [ 'deps/libiconv/lib/utf16be.h', 420, 438 ]
732 silly gunzTarPerm extractEntry deps/libiconv/lib/utf16le.h
733 silly gunzTarPerm modified mode [ 'deps/libiconv/lib/utf16le.h', 420, 438 ]
734 silly gunzTarPerm extractEntry deps/libiconv/lib/utf32.h
735 silly gunzTarPerm modified mode [ 'deps/libiconv/lib/utf32.h', 420, 438 ]
736 silly gunzTarPerm extractEntry deps/libiconv/lib/utf32be.h
737 silly gunzTarPerm modified mode [ 'deps/libiconv/lib/utf32be.h', 420, 438 ]
738 silly gunzTarPerm extractEntry deps/libiconv/lib/utf32le.h
739 silly gunzTarPerm modified mode [ 'deps/libiconv/lib/utf32le.h', 420, 438 ]
740 silly gunzTarPerm extractEntry deps/libiconv/lib/utf7.h
741 silly gunzTarPerm modified mode [ 'deps/libiconv/lib/utf7.h', 420, 438 ]
742 silly gunzTarPerm extractEntry deps/libiconv/lib/utf8.h
743 silly gunzTarPerm modified mode [ 'deps/libiconv/lib/utf8.h', 420, 438 ]
744 silly gunzTarPerm extractEntry deps/libiconv/lib/vietcomb.h
745 silly gunzTarPerm modified mode [ 'deps/libiconv/lib/vietcomb.h', 420, 438 ]
746 silly gunzTarPerm extractEntry deps/libiconv/lib/viscii.h
747 silly gunzTarPerm modified mode [ 'deps/libiconv/lib/viscii.h', 420, 438 ]
748 silly gunzTarPerm extractEntry lib/iconv.js
749 silly gunzTarPerm modified mode [ 'lib/iconv.js', 420, 438 ]
750 silly gunzTarPerm extractEntry src/binding.cc
751 silly gunzTarPerm modified mode [ 'src/binding.cc', 420, 438 ]
752 silly gunzTarPerm extractEntry support/config.h
753 silly gunzTarPerm modified mode [ 'support/config.h', 420, 438 ]
754 silly gunzTarPerm extractEntry support/iconv.h
755 silly gunzTarPerm modified mode [ 'support/iconv.h', 420, 438 ]
756 silly gunzTarPerm extractEntry support/localcharset.c
757 silly gunzTarPerm modified mode [ 'support/localcharset.c', 420, 438 ]
758 silly gunzTarPerm extractEntry support/localcharset.h
759 silly gunzTarPerm modified mode [ 'support/localcharset.h', 420, 438 ]
760 silly gunzTarPerm extractEntry test/run-tests.js
761 silly gunzTarPerm modified mode [ 'test/run-tests.js', 420, 438 ]
762 silly gunzTarPerm extractEntry test/test-basic.js
763 silly gunzTarPerm modified mode [ 'test/test-basic.js', 420, 438 ]
764 silly gunzTarPerm extractEntry test/test-big-buffer.js
765 silly gunzTarPerm modified mode [ 'test/test-big-buffer.js', 420, 438 ]
766 silly gunzTarPerm extractEntry test/test-stream.js
767 silly gunzTarPerm modified mode [ 'test/test-stream.js', 420, 438 ]
768 silly gunzTarPerm extractEntry test/fixtures/lorem-ipsum.txt
769 silly gunzTarPerm modified mode [ 'test/fixtures/lorem-ipsum.txt', 420, 438 ]
770 silly gentlyRm C:\Cursos\app_hurbano\backend\node_modules\.staging\iconv-e9592e4b\node_modules is being purged
771 verbose gentlyRm don't care about contents; nuking C:\Cursos\app_hurbano\backend\node_modules\.staging\iconv-e9592e4b\node_modules
772 silly doParallel preinstall 2
773 silly preinstall nan@2.6.2 C:\Cursos\app_hurbano\backend\node_modules\.staging\nan-3ae3e5aa
774 info lifecycle nan@2.6.2~preinstall: nan@2.6.2
775 silly preinstall iconv@2.3.0 C:\Cursos\app_hurbano\backend\node_modules\.staging\iconv-e9592e4b
776 info lifecycle iconv@2.3.0~preinstall: iconv@2.3.0
777 silly lifecycle iconv@2.3.0~preinstall: no script for preinstall, continuing
778 silly lifecycle nan@2.6.2~preinstall: no script for preinstall, continuing
779 silly doReverseSerial remove 0
780 silly doSerial move 0
781 silly doSerial finalize 2
782 silly finalize C:\Cursos\app_hurbano\backend\node_modules\nan
783 silly finalize C:\Cursos\app_hurbano\backend\node_modules\iconv
784 silly doSerial build 2
785 silly build nan@2.6.2
786 info linkStuff nan@2.6.2
787 silly linkStuff nan@2.6.2 has C:\Cursos\app_hurbano\backend\node_modules as its parent node_modules
788 verbose linkBins nan@2.6.2
789 verbose linkMans nan@2.6.2
790 silly build iconv@2.3.0
791 info linkStuff iconv@2.3.0
792 silly linkStuff iconv@2.3.0 has C:\Cursos\app_hurbano\backend\node_modules as its parent node_modules
793 verbose linkBins iconv@2.3.0
794 verbose linkMans iconv@2.3.0
795 silly doSerial global-link 0
796 silly doParallel update-linked 0
797 silly doSerial install 2
798 silly install nan@2.6.2 C:\Cursos\app_hurbano\backend\node_modules\.staging\nan-3ae3e5aa
799 info lifecycle nan@2.6.2~install: nan@2.6.2
800 silly lifecycle nan@2.6.2~install: no script for install, continuing
801 silly install iconv@2.3.0 C:\Cursos\app_hurbano\backend\node_modules\.staging\iconv-e9592e4b
802 info lifecycle iconv@2.3.0~install: iconv@2.3.0
803 verbose lifecycle iconv@2.3.0~install: unsafe-perm in lifecycle true
804 verbose lifecycle iconv@2.3.0~install: PATH: C:\Program Files\nodejs\node_modules\npm\bin\node-gyp-bin;C:\Cursos\app_hurbano\backend\node_modules\iconv\node_modules\.bin;C:\Cursos\app_hurbano\backend\node_modules\.bin;C:\WINDOWS\system32;C:\WINDOWS;C:\WINDOWS\System32\Wbem;C:\WINDOWS\System32\WindowsPowerShell\v1.0\;C:\Program Files\PuTTY\;C:\Program Files (x86)\Skype\Phone\;C:\Program Files\nodejs\;C:\Users\Bernardo\AppData\Local\Microsoft\WindowsApps;C:\Users\Bernardo\AppData\Roaming\npm
805 verbose lifecycle iconv@2.3.0~install: CWD: C:\Cursos\app_hurbano\backend\node_modules\iconv
806 silly lifecycle iconv@2.3.0~install: Args: [ '/d /s /c', 'node-gyp rebuild' ]
807 silly lifecycle iconv@2.3.0~install: Returned: code: 1  signal: null
808 info lifecycle iconv@2.3.0~install: Failed to exec install script
809 verbose unlock done using C:\Users\Bernardo\AppData\Roaming\npm-cache\_locks\staging-6c4416f64f6c5cab.lock for C:\Cursos\app_hurbano\backend\node_modules\.staging
810 silly rollbackFailedOptional Starting
811 silly rollbackFailedOptional Finishing
812 silly runTopLevelLifecycles Finishing
813 silly install printInstalled
814 warn optional SKIPPING OPTIONAL DEPENDENCY: fsevents@^1.0.0 (node_modules\chokidar\node_modules\fsevents):
815 warn notsup SKIPPING OPTIONAL DEPENDENCY: Unsupported platform for fsevents@1.1.2: wanted {"os":"darwin","arch":"any"} (current: {"os":"win32","arch":"x64"})
816 verbose notsup SKIPPING OPTIONAL DEPENDENCY: Valid OS:    darwin
816 verbose notsup SKIPPING OPTIONAL DEPENDENCY: Valid Arch:  any
816 verbose notsup SKIPPING OPTIONAL DEPENDENCY: Actual OS:   win32
816 verbose notsup SKIPPING OPTIONAL DEPENDENCY: Actual Arch: x64
817 verbose stack Error: iconv@2.3.0 install: `node-gyp rebuild`
817 verbose stack Exit status 1
817 verbose stack     at EventEmitter.<anonymous> (C:\Program Files\nodejs\node_modules\npm\lib\utils\lifecycle.js:255:16)
817 verbose stack     at emitTwo (events.js:106:13)
817 verbose stack     at EventEmitter.emit (events.js:191:7)
817 verbose stack     at ChildProcess.<anonymous> (C:\Program Files\nodejs\node_modules\npm\lib\utils\spawn.js:40:14)
817 verbose stack     at emitTwo (events.js:106:13)
817 verbose stack     at ChildProcess.emit (events.js:191:7)
817 verbose stack     at maybeClose (internal/child_process.js:891:16)
817 verbose stack     at Process.ChildProcess._handle.onexit (internal/child_process.js:226:5)
818 verbose pkgid iconv@2.3.0
819 verbose cwd C:\Cursos\app_hurbano\backend
820 error Windows_NT 10.0.15063
821 error argv "C:\\Program Files\\nodejs\\node.exe" "C:\\Program Files\\nodejs\\node_modules\\npm\\bin\\npm-cli.js" "install" "iconv"
822 error node v6.11.2
823 error npm  v3.10.10
824 error code ELIFECYCLE
825 error iconv@2.3.0 install: `node-gyp rebuild`
825 error Exit status 1
826 error Failed at the iconv@2.3.0 install script 'node-gyp rebuild'.
826 error Make sure you have the latest version of node.js and npm installed.
826 error If you do, this is most likely a problem with the iconv package,
826 error not with npm itself.
826 error Tell the author that this fails on your system:
826 error     node-gyp rebuild
826 error You can get information on how to open an issue for this project with:
826 error     npm bugs iconv
826 error Or if that isn't available, you can get their info via:
826 error     npm owner ls iconv
826 error There is likely additional logging output above.
827 verbose exit [ 1, true ]
